[2020-06-28 19:43:08,294] {taskinstance.py:669} INFO - Dependencies all met for <TaskInstance: covid_stats.extract 2020-06-27T00:03:00+00:00 [queued]>
[2020-06-28 19:43:08,307] {taskinstance.py:669} INFO - Dependencies all met for <TaskInstance: covid_stats.extract 2020-06-27T00:03:00+00:00 [queued]>
[2020-06-28 19:43:08,307] {taskinstance.py:879} INFO - 
--------------------------------------------------------------------------------
[2020-06-28 19:43:08,307] {taskinstance.py:880} INFO - Starting attempt 1 of 6
[2020-06-28 19:43:08,307] {taskinstance.py:881} INFO - 
--------------------------------------------------------------------------------
[2020-06-28 19:43:08,314] {taskinstance.py:900} INFO - Executing <Task(PythonOperator): extract> on 2020-06-27T00:03:00+00:00
[2020-06-28 19:43:08,315] {standard_task_runner.py:53} INFO - Started process 10902 to run task
[2020-06-28 19:43:08,351] {logging_mixin.py:112} INFO - Running %s on host %s <TaskInstance: covid_stats.extract 2020-06-27T00:03:00+00:00 [running]> nineleaps-ThinkPad-E480
[2020-06-28 19:43:08,821] {python_operator.py:114} INFO - Done. Returned value was: None
[2020-06-28 19:43:08,826] {taskinstance.py:1065} INFO - Marking task as SUCCESS.dag_id=covid_stats, task_id=extract, execution_date=20200627T000300, start_date=20200628T141308, end_date=20200628T141308
[2020-06-28 19:43:18,290] {logging_mixin.py:112} INFO - [2020-06-28 19:43:18,290] {local_task_job.py:103} INFO - Task exited with return code 0
[2020-06-28 20:04:31,779] {taskinstance.py:669} INFO - Dependencies all met for <TaskInstance: covid_stats.extract 2020-06-27T00:03:00+00:00 [queued]>
[2020-06-28 20:04:31,794] {taskinstance.py:669} INFO - Dependencies all met for <TaskInstance: covid_stats.extract 2020-06-27T00:03:00+00:00 [queued]>
[2020-06-28 20:04:31,794] {taskinstance.py:879} INFO - 
--------------------------------------------------------------------------------
[2020-06-28 20:04:31,794] {taskinstance.py:880} INFO - Starting attempt 1 of 6
[2020-06-28 20:04:31,794] {taskinstance.py:881} INFO - 
--------------------------------------------------------------------------------
[2020-06-28 20:04:31,802] {taskinstance.py:900} INFO - Executing <Task(PythonOperator): extract> on 2020-06-27T00:03:00+00:00
[2020-06-28 20:04:31,804] {standard_task_runner.py:53} INFO - Started process 5125 to run task
[2020-06-28 20:04:31,844] {logging_mixin.py:112} INFO - Running %s on host %s <TaskInstance: covid_stats.extract 2020-06-27T00:03:00+00:00 [running]> nineleaps-ThinkPad-E480
[2020-06-28 20:04:32,301] {python_operator.py:114} INFO - Done. Returned value was: None
[2020-06-28 20:04:32,304] {taskinstance.py:1065} INFO - Marking task as SUCCESS.dag_id=covid_stats, task_id=extract, execution_date=20200627T000300, start_date=20200628T143431, end_date=20200628T143432
[2020-06-28 20:04:41,764] {logging_mixin.py:112} INFO - [2020-06-28 20:04:41,763] {local_task_job.py:103} INFO - Task exited with return code 0
[2020-06-28 20:12:42,150] {taskinstance.py:669} INFO - Dependencies all met for <TaskInstance: covid_stats.extract 2020-06-27T00:03:00+00:00 [queued]>
[2020-06-28 20:12:42,162] {taskinstance.py:669} INFO - Dependencies all met for <TaskInstance: covid_stats.extract 2020-06-27T00:03:00+00:00 [queued]>
[2020-06-28 20:12:42,162] {taskinstance.py:879} INFO - 
--------------------------------------------------------------------------------
[2020-06-28 20:12:42,162] {taskinstance.py:880} INFO - Starting attempt 1 of 6
[2020-06-28 20:12:42,162] {taskinstance.py:881} INFO - 
--------------------------------------------------------------------------------
[2020-06-28 20:12:42,169] {taskinstance.py:900} INFO - Executing <Task(PythonOperator): extract> on 2020-06-27T00:03:00+00:00
[2020-06-28 20:12:42,171] {standard_task_runner.py:53} INFO - Started process 9608 to run task
[2020-06-28 20:12:42,207] {logging_mixin.py:112} INFO - Running %s on host %s <TaskInstance: covid_stats.extract 2020-06-27T00:03:00+00:00 [running]> nineleaps-ThinkPad-E480
[2020-06-28 20:12:42,335] {python_operator.py:114} INFO - Done. Returned value was: None
[2020-06-28 20:12:42,338] {taskinstance.py:1065} INFO - Marking task as SUCCESS.dag_id=covid_stats, task_id=extract, execution_date=20200627T000300, start_date=20200628T144242, end_date=20200628T144242
[2020-06-28 20:12:52,145] {logging_mixin.py:112} INFO - [2020-06-28 20:12:52,144] {local_task_job.py:103} INFO - Task exited with return code 0
[2020-06-28 20:27:23,535] {taskinstance.py:669} INFO - Dependencies all met for <TaskInstance: covid_stats.extract 2020-06-27T00:03:00+00:00 [queued]>
[2020-06-28 20:27:23,549] {taskinstance.py:669} INFO - Dependencies all met for <TaskInstance: covid_stats.extract 2020-06-27T00:03:00+00:00 [queued]>
[2020-06-28 20:27:23,549] {taskinstance.py:879} INFO - 
--------------------------------------------------------------------------------
[2020-06-28 20:27:23,549] {taskinstance.py:880} INFO - Starting attempt 1 of 6
[2020-06-28 20:27:23,549] {taskinstance.py:881} INFO - 
--------------------------------------------------------------------------------
[2020-06-28 20:27:23,557] {taskinstance.py:900} INFO - Executing <Task(PythonOperator): extract> on 2020-06-27T00:03:00+00:00
[2020-06-28 20:27:23,559] {standard_task_runner.py:53} INFO - Started process 15222 to run task
[2020-06-28 20:27:23,595] {logging_mixin.py:112} INFO - Running %s on host %s <TaskInstance: covid_stats.extract 2020-06-27T00:03:00+00:00 [running]> nineleaps-ThinkPad-E480
[2020-06-28 20:27:23,763] {python_operator.py:114} INFO - Done. Returned value was: None
[2020-06-28 20:27:23,766] {taskinstance.py:1065} INFO - Marking task as SUCCESS.dag_id=covid_stats, task_id=extract, execution_date=20200627T000300, start_date=20200628T145723, end_date=20200628T145723
[2020-06-28 20:27:33,536] {logging_mixin.py:112} INFO - [2020-06-28 20:27:33,535] {local_task_job.py:103} INFO - Task exited with return code 0
[2020-06-29 11:24:54,569] {taskinstance.py:669} INFO - Dependencies all met for <TaskInstance: covid_stats.extract 2020-06-27T00:03:00+00:00 [queued]>
[2020-06-29 11:24:54,581] {taskinstance.py:669} INFO - Dependencies all met for <TaskInstance: covid_stats.extract 2020-06-27T00:03:00+00:00 [queued]>
[2020-06-29 11:24:54,581] {taskinstance.py:879} INFO - 
--------------------------------------------------------------------------------
[2020-06-29 11:24:54,581] {taskinstance.py:880} INFO - Starting attempt 1 of 6
[2020-06-29 11:24:54,581] {taskinstance.py:881} INFO - 
--------------------------------------------------------------------------------
[2020-06-29 11:24:54,588] {taskinstance.py:900} INFO - Executing <Task(PythonOperator): extract> on 2020-06-27T00:03:00+00:00
[2020-06-29 11:24:54,590] {standard_task_runner.py:53} INFO - Started process 5217 to run task
[2020-06-29 11:24:54,625] {logging_mixin.py:112} INFO - Running %s on host %s <TaskInstance: covid_stats.extract 2020-06-27T00:03:00+00:00 [running]> nineleaps-ThinkPad-E480
[2020-06-29 11:24:54,954] {taskinstance.py:1145} ERROR - global name 'valid_data' is not defined
Traceback (most recent call last):
  File "/home/nineleaps/.local/lib/python2.7/site-packages/airflow/models/taskinstance.py", line 983, in _run_raw_task
    result = task_copy.execute(context=context)
  File "/home/nineleaps/.local/lib/python2.7/site-packages/airflow/operators/python_operator.py", line 113, in execute
    return_value = self.execute_callable()
  File "/home/nineleaps/.local/lib/python2.7/site-packages/airflow/operators/python_operator.py", line 118, in execute_callable
    return self.python_callable(*self.op_args, **self.op_kwargs)
  File "/home/nineleaps/airflow/plugins/extract.py", line 27, in extract
    pandas_df = pd.DataFrame(valid_data)
NameError: global name 'valid_data' is not defined
[2020-06-29 11:24:54,955] {taskinstance.py:1168} INFO - Marking task as UP_FOR_RETRY
[2020-06-29 11:25:04,566] {logging_mixin.py:112} INFO - [2020-06-29 11:25:04,565] {local_task_job.py:103} INFO - Task exited with return code 1
