[2020-06-28 19:45:44,380] {taskinstance.py:669} INFO - Dependencies all met for <TaskInstance: covid_stats.extract 2020-06-27T00:05:00+00:00 [queued]>
[2020-06-28 19:45:44,393] {taskinstance.py:669} INFO - Dependencies all met for <TaskInstance: covid_stats.extract 2020-06-27T00:05:00+00:00 [queued]>
[2020-06-28 19:45:44,394] {taskinstance.py:879} INFO - 
--------------------------------------------------------------------------------
[2020-06-28 19:45:44,394] {taskinstance.py:880} INFO - Starting attempt 1 of 6
[2020-06-28 19:45:44,394] {taskinstance.py:881} INFO - 
--------------------------------------------------------------------------------
[2020-06-28 19:45:44,401] {taskinstance.py:900} INFO - Executing <Task(PythonOperator): extract> on 2020-06-27T00:05:00+00:00
[2020-06-28 19:45:44,403] {standard_task_runner.py:53} INFO - Started process 12085 to run task
[2020-06-28 19:45:44,438] {logging_mixin.py:112} INFO - Running %s on host %s <TaskInstance: covid_stats.extract 2020-06-27T00:05:00+00:00 [running]> nineleaps-ThinkPad-E480
[2020-06-28 19:45:44,953] {python_operator.py:114} INFO - Done. Returned value was: None
[2020-06-28 19:45:44,962] {taskinstance.py:1065} INFO - Marking task as SUCCESS.dag_id=covid_stats, task_id=extract, execution_date=20200627T000500, start_date=20200628T141544, end_date=20200628T141544
[2020-06-28 19:45:54,377] {logging_mixin.py:112} INFO - [2020-06-28 19:45:54,376] {local_task_job.py:103} INFO - Task exited with return code 0
[2020-06-28 20:15:17,990] {taskinstance.py:669} INFO - Dependencies all met for <TaskInstance: covid_stats.extract 2020-06-27T00:05:00+00:00 [queued]>
[2020-06-28 20:15:18,002] {taskinstance.py:669} INFO - Dependencies all met for <TaskInstance: covid_stats.extract 2020-06-27T00:05:00+00:00 [queued]>
[2020-06-28 20:15:18,002] {taskinstance.py:879} INFO - 
--------------------------------------------------------------------------------
[2020-06-28 20:15:18,002] {taskinstance.py:880} INFO - Starting attempt 1 of 6
[2020-06-28 20:15:18,002] {taskinstance.py:881} INFO - 
--------------------------------------------------------------------------------
[2020-06-28 20:15:18,008] {taskinstance.py:900} INFO - Executing <Task(PythonOperator): extract> on 2020-06-27T00:05:00+00:00
[2020-06-28 20:15:18,010] {standard_task_runner.py:53} INFO - Started process 10824 to run task
[2020-06-28 20:15:18,046] {logging_mixin.py:112} INFO - Running %s on host %s <TaskInstance: covid_stats.extract 2020-06-27T00:05:00+00:00 [running]> nineleaps-ThinkPad-E480
[2020-06-28 20:15:18,377] {python_operator.py:114} INFO - Done. Returned value was: None
[2020-06-28 20:15:18,382] {taskinstance.py:1065} INFO - Marking task as SUCCESS.dag_id=covid_stats, task_id=extract, execution_date=20200627T000500, start_date=20200628T144517, end_date=20200628T144518
[2020-06-28 20:15:27,989] {logging_mixin.py:112} INFO - [2020-06-28 20:15:27,988] {local_task_job.py:103} INFO - Task exited with return code 0
[2020-06-28 20:30:01,965] {taskinstance.py:669} INFO - Dependencies all met for <TaskInstance: covid_stats.extract 2020-06-27T00:05:00+00:00 [queued]>
[2020-06-28 20:30:01,977] {taskinstance.py:669} INFO - Dependencies all met for <TaskInstance: covid_stats.extract 2020-06-27T00:05:00+00:00 [queued]>
[2020-06-28 20:30:01,977] {taskinstance.py:879} INFO - 
--------------------------------------------------------------------------------
[2020-06-28 20:30:01,977] {taskinstance.py:880} INFO - Starting attempt 1 of 6
[2020-06-28 20:30:01,977] {taskinstance.py:881} INFO - 
--------------------------------------------------------------------------------
[2020-06-28 20:30:01,984] {taskinstance.py:900} INFO - Executing <Task(PythonOperator): extract> on 2020-06-27T00:05:00+00:00
[2020-06-28 20:30:01,986] {standard_task_runner.py:53} INFO - Started process 16410 to run task
[2020-06-28 20:30:02,022] {logging_mixin.py:112} INFO - Running %s on host %s <TaskInstance: covid_stats.extract 2020-06-27T00:05:00+00:00 [running]> nineleaps-ThinkPad-E480
[2020-06-28 20:30:02,163] {python_operator.py:114} INFO - Done. Returned value was: None
[2020-06-28 20:30:02,166] {taskinstance.py:1065} INFO - Marking task as SUCCESS.dag_id=covid_stats, task_id=extract, execution_date=20200627T000500, start_date=20200628T150001, end_date=20200628T150002
[2020-06-28 20:30:11,960] {logging_mixin.py:112} INFO - [2020-06-28 20:30:11,959] {local_task_job.py:103} INFO - Task exited with return code 0
