[2020-06-29 15:53:52,867] {taskinstance.py:669} INFO - Dependencies all met for <TaskInstance: covid_stats.extract 2020-06-28T00:45:00+00:00 [queued]>
[2020-06-29 15:53:52,876] {taskinstance.py:669} INFO - Dependencies all met for <TaskInstance: covid_stats.extract 2020-06-28T00:45:00+00:00 [queued]>
[2020-06-29 15:53:52,877] {taskinstance.py:879} INFO - 
--------------------------------------------------------------------------------
[2020-06-29 15:53:52,877] {taskinstance.py:880} INFO - Starting attempt 1 of 6
[2020-06-29 15:53:52,877] {taskinstance.py:881} INFO - 
--------------------------------------------------------------------------------
[2020-06-29 15:53:52,885] {taskinstance.py:900} INFO - Executing <Task(PythonOperator): extract> on 2020-06-28T00:45:00+00:00
[2020-06-29 15:53:52,887] {standard_task_runner.py:53} INFO - Started process 861 to run task
[2020-06-29 15:53:52,930] {logging_mixin.py:112} INFO - Running %s on host %s <TaskInstance: covid_stats.extract 2020-06-28T00:45:00+00:00 [running]> nineleaps-ThinkPad-E480
[2020-06-29 16:55:12,088] {logging_mixin.py:112} INFO - [2020-06-29 16:55:12,086] {local_task_job.py:167} WARNING - State of this instance has been externally set to None. Taking the poison pill.
[2020-06-29 16:55:12,119] {helpers.py:325} INFO - Sending 15 to GPID 861
[2020-06-29 16:55:12,119] {taskinstance.py:954} ERROR - Received SIGTERM. Terminating subprocesses.
[2020-06-29 16:55:12,122] {taskinstance.py:1145} ERROR - Task received SIGTERM signal
Traceback (most recent call last):
  File "/home/nineleaps/.local/lib/python2.7/site-packages/airflow/models/taskinstance.py", line 983, in _run_raw_task
    result = task_copy.execute(context=context)
  File "/home/nineleaps/.local/lib/python2.7/site-packages/airflow/operators/python_operator.py", line 113, in execute
    return_value = self.execute_callable()
  File "/home/nineleaps/.local/lib/python2.7/site-packages/airflow/operators/python_operator.py", line 118, in execute_callable
    return self.python_callable(*self.op_args, **self.op_kwargs)
  File "/home/nineleaps/airflow/plugins/extract.py", line 16, in extract
    res = requests.get(API_URL)
  File "/home/nineleaps/.local/lib/python2.7/site-packages/requests/api.py", line 76, in get
    return request('get', url, params=params, **kwargs)
  File "/home/nineleaps/.local/lib/python2.7/site-packages/requests/api.py", line 61, in request
    return session.request(method=method, url=url, **kwargs)
  File "/home/nineleaps/.local/lib/python2.7/site-packages/requests/sessions.py", line 530, in request
    resp = self.send(prep, **send_kwargs)
  File "/home/nineleaps/.local/lib/python2.7/site-packages/requests/sessions.py", line 643, in send
    r = adapter.send(request, **kwargs)
  File "/home/nineleaps/.local/lib/python2.7/site-packages/requests/adapters.py", line 449, in send
    timeout=timeout
  File "/home/nineleaps/.local/lib/python2.7/site-packages/urllib3/connectionpool.py", line 677, in urlopen
    chunked=chunked,
  File "/home/nineleaps/.local/lib/python2.7/site-packages/urllib3/connectionpool.py", line 381, in _make_request
    self._validate_conn(conn)
  File "/home/nineleaps/.local/lib/python2.7/site-packages/urllib3/connectionpool.py", line 976, in _validate_conn
    conn.connect()
  File "/home/nineleaps/.local/lib/python2.7/site-packages/urllib3/connection.py", line 370, in connect
    ssl_context=context,
  File "/home/nineleaps/.local/lib/python2.7/site-packages/urllib3/util/ssl_.py", line 377, in ssl_wrap_socket
    return context.wrap_socket(sock, server_hostname=server_hostname)
  File "/usr/lib/python2.7/ssl.py", line 369, in wrap_socket
    _context=self)
  File "/usr/lib/python2.7/ssl.py", line 599, in __init__
    self.do_handshake()
  File "/usr/lib/python2.7/ssl.py", line 828, in do_handshake
    self._sslobj.do_handshake()
  File "/home/nineleaps/.local/lib/python2.7/site-packages/airflow/models/taskinstance.py", line 956, in signal_handler
    raise AirflowException("Task received SIGTERM signal")
AirflowException: Task received SIGTERM signal
[2020-06-29 16:55:12,126] {taskinstance.py:1168} INFO - Marking task as UP_FOR_RETRY
[2020-06-29 16:55:12,145] {helpers.py:291} INFO - Process psutil.Process(pid=861, status='terminated') (861) terminated with exit code 1
[2020-06-29 16:55:17,081] {logging_mixin.py:112} INFO - [2020-06-29 16:55:17,081] {local_task_job.py:103} INFO - Task exited with return code 1
[2020-06-30 15:18:12,103] {taskinstance.py:669} INFO - Dependencies all met for <TaskInstance: covid_stats.extract 2020-06-28T00:45:00+00:00 [queued]>
[2020-06-30 15:18:12,112] {taskinstance.py:669} INFO - Dependencies all met for <TaskInstance: covid_stats.extract 2020-06-28T00:45:00+00:00 [queued]>
[2020-06-30 15:18:12,112] {taskinstance.py:879} INFO - 
--------------------------------------------------------------------------------
[2020-06-30 15:18:12,112] {taskinstance.py:880} INFO - Starting attempt 1 of 6
[2020-06-30 15:18:12,112] {taskinstance.py:881} INFO - 
--------------------------------------------------------------------------------
[2020-06-30 15:18:12,122] {taskinstance.py:900} INFO - Executing <Task(PythonOperator): extract> on 2020-06-28T00:45:00+00:00
[2020-06-30 15:18:12,124] {standard_task_runner.py:53} INFO - Started process 5807 to run task
[2020-06-30 15:18:12,171] {logging_mixin.py:112} INFO - Running %s on host %s <TaskInstance: covid_stats.extract 2020-06-28T00:45:00+00:00 [running]> nineleaps-ThinkPad-E480
[2020-06-30 15:18:12,537] {logging_mixin.py:112} INFO -      an   ap  ar   as   br  ch   ct  ...    tn   tr     tt     un   up   ut   wb
0     0    1   0    0    0   0    0  ...     1    0     81      0   12    0    0
1     0    0   0    0    0   0    0  ...     0    0      9      0    4    0    0
2     0    0   0    0    0   0    0  ...     0    0      2      0    0    0    0
3     0    0   0    0    0   0    0  ...     0    0     27      0    1    0    0
4     0    0   0    0    0   0    0  ...     0    0      4      0    0    0    0
5     0    0   0    0    0   0    0  ...     0    0      0      0    0    0    0
6     0    0   0    0    0   0    0  ...     0    0     15      0    0    1    0
7     0    0   0    0    0   0    0  ...     1    0      1      0    0    0    0
8     0    0   0    0    0   0    0  ...     0    0      0      0    0    0    0
9     0    0   0    0    0   0    0  ...     0    0     11      0    2    0    1
10    0    0   0    0    0   0    0  ...     0    0      1      0    1    0    0
11    0    0   0    0    0   0    0  ...     0    0      1      0    0    0    0
12    0    0   0    0    0   0    0  ...     1    0     37      0    2    1    0
13    0    0   0    0    0   0    0  ...     0    0      0      0    0    0    0
14    0    0   0    0    0   0    0  ...     0    0      0      0    0    0    0
15    0    2   0    0    0   1    1  ...     1    0     27      0    3    1    0
16    0    0   0    0    0   0    0  ...     0    0      5      0    4    0    0
17    0    0   0    0    0   0    0  ...     0    0      1      0    0    0    0
18    0    0   0    0    0   4    0  ...     0    0     58      0    4    0    1
19    0    0   0    0    0   0    0  ...     0    0      3      0    0    0    0
20    0    0   0    0    0   0    0  ...     0    0      0      0    0    0    0
21    0    2   0    0    0   0    0  ...     3    0     78      0    4    0    2
22    0    0   0    0    0   0    0  ...     0    0      0      0    0    0    0
23    0    0   0    0    0   0    0  ...     0    0      0      0    0    0    0
24    0    1   0    0    2   1    0  ...     3    0     67      0    2    0    3
25    0    0   0    0    0   0    0  ...     0    0      0      0    0    0    0
26    0    0   0    0    1   0    0  ...     0    0      3      0    0    0    0
27    0    1   0    0    1   1    0  ...     3    0    102      0    2    1    0
28    0    0   0    0    0   0    0  ...     0    0     12      0    0    0    0
29    0    0   0    0    0   0    0  ...     0    0      2      0    0    0    1
..   ..  ...  ..  ...  ...  ..  ...  ...   ...  ...    ...    ...  ...  ...  ...
294   0  491   0  249  213  23  116  ...  2396    8  15918    338  541  124  441
295   0  206   1  136  269   1   63  ...  1045   23  13974      0  374   17  562
296   0    5   0    0    0   0    1  ...    38    0    308      0   22    1   11
297   1  477   4  332  162   2  121  ...  2532   35  15151   -138  596   43  414
298   2  196   6  202  264   0   53  ...  1438   79   9075      0  626   50  432
299   0    5   0    0    2   0    0  ...    53    0    426      0   21    0   15
300   0  443   9  267  228   5   47  ...  2710   16  13560  -1295  591   58  413
301   0  128   1  161  136   6   66  ...  1358   23  10879      0  606   21  390
302   0    5   0    0    1   0    1  ...    37    0    312      0   19    1   14
303   2  462  10  203  157   7   83  ...  2516   23  15656    183  571  133  370
304   3  157  16  197  260   0   40  ...  1227   25  10462      0  515   81  531
305   0    8   0    0    2   0    0  ...    39    0    468      0   19    2   11
306   6  497   2  226  223   2   34  ...  2865    0  16868    126  664   88  445
307   1  187   0  196   79   0   74  ...  2424   97  13089      0  470  119  484
308   0   10   1    0    1   0    0  ...    33    0    424      0    8    5   11
309   2  553  12  364  215   3   37  ...  3509   32  18205    352  636   68  475
310   0  209   4   75  374   7  128  ...  2236  122  13983      0  533   37  488
311   0    7   0    0    1   0    0  ...    45    0    401      0   15    1   15
312  14  605   2  273  190   2   89  ...  3645   35  18255   -370  750   34  542
313   2  208   7  214  189   6  156  ...  1358   36  10246      0  464   64  345
314   0   10   0    0    0   0    1  ...    46    0    381      0   19    1   10
315   0  796   3  246  302   3   65  ...  3713    9  20142   -100  606   66  521
316   0  284   5  567  261   0   52  ...  2737   16  14229      0  632   87  254
317   0   11   0    1    2   0    0  ...    68    0    414      0   19    0   13
318  11  813   5  327  244   3   84  ...  3940   12  19610   -184  598   32  572
319   2  428   6  274  226   1  125  ...  1443    8  11628      0  593  106  404
320   0   12   0    1    4   0    0  ...    54    0    384      0   11    1   10
321   7  793   5  302  394   3  101  ...  3949   34  18339   -554  681    8  624
322   0  324   1  245  218  13   88  ...  2212    6  13497      0  698   93  526
323   0   11   0    0    1   0    0  ...    62    0    417      0   12    1   14

[324 rows x 41 columns]
[2020-06-30 15:18:12,572] {logging_mixin.py:112} INFO - data cleaned successfully !!
[2020-06-30 15:18:12,574] {python_operator.py:114} INFO - Done. Returned value was: None
[2020-06-30 15:18:12,583] {taskinstance.py:1065} INFO - Marking task as SUCCESS.dag_id=covid_stats, task_id=extract, execution_date=20200628T004500, start_date=20200630T094812, end_date=20200630T094812
[2020-06-30 15:18:22,102] {logging_mixin.py:112} INFO - [2020-06-30 15:18:22,101] {local_task_job.py:103} INFO - Task exited with return code 0
[2020-07-01 18:22:33,671] {taskinstance.py:669} INFO - Dependencies all met for <TaskInstance: covid_stats.extract 2020-06-28T00:45:00+00:00 [queued]>
[2020-07-01 18:22:33,682] {taskinstance.py:669} INFO - Dependencies all met for <TaskInstance: covid_stats.extract 2020-06-28T00:45:00+00:00 [queued]>
[2020-07-01 18:22:33,682] {taskinstance.py:879} INFO - 
--------------------------------------------------------------------------------
[2020-07-01 18:22:33,682] {taskinstance.py:880} INFO - Starting attempt 1 of 6
[2020-07-01 18:22:33,682] {taskinstance.py:881} INFO - 
--------------------------------------------------------------------------------
[2020-07-01 18:22:33,692] {taskinstance.py:900} INFO - Executing <Task(PythonOperator): extract> on 2020-06-28T00:45:00+00:00
[2020-07-01 18:22:33,695] {standard_task_runner.py:53} INFO - Started process 8861 to run task
[2020-07-01 18:22:33,756] {logging_mixin.py:112} INFO - Running %s on host %s <TaskInstance: covid_stats.extract 2020-06-28T00:45:00+00:00 [running]> nineleaps-ThinkPad-E480
[2020-07-01 18:22:34,178] {logging_mixin.py:112} INFO -      an   ap  ar   as   br  ch   ct  ...    tn   tr     tt     un   up   ut   wb
0     0    1   0    0    0   0    0  ...     1    0     81      0   12    0    0
1     0    0   0    0    0   0    0  ...     0    0      9      0    4    0    0
2     0    0   0    0    0   0    0  ...     0    0      2      0    0    0    0
3     0    0   0    0    0   0    0  ...     0    0     27      0    1    0    0
4     0    0   0    0    0   0    0  ...     0    0      4      0    0    0    0
5     0    0   0    0    0   0    0  ...     0    0      0      0    0    0    0
6     0    0   0    0    0   0    0  ...     0    0     15      0    0    1    0
7     0    0   0    0    0   0    0  ...     1    0      1      0    0    0    0
8     0    0   0    0    0   0    0  ...     0    0      0      0    0    0    0
9     0    0   0    0    0   0    0  ...     0    0     11      0    2    0    1
10    0    0   0    0    0   0    0  ...     0    0      1      0    1    0    0
11    0    0   0    0    0   0    0  ...     0    0      1      0    0    0    0
12    0    0   0    0    0   0    0  ...     1    0     37      0    2    1    0
13    0    0   0    0    0   0    0  ...     0    0      0      0    0    0    0
14    0    0   0    0    0   0    0  ...     0    0      0      0    0    0    0
15    0    2   0    0    0   1    1  ...     1    0     27      0    3    1    0
16    0    0   0    0    0   0    0  ...     0    0      5      0    4    0    0
17    0    0   0    0    0   0    0  ...     0    0      1      0    0    0    0
18    0    0   0    0    0   4    0  ...     0    0     58      0    4    0    1
19    0    0   0    0    0   0    0  ...     0    0      3      0    0    0    0
20    0    0   0    0    0   0    0  ...     0    0      0      0    0    0    0
21    0    2   0    0    0   0    0  ...     3    0     78      0    4    0    2
22    0    0   0    0    0   0    0  ...     0    0      0      0    0    0    0
23    0    0   0    0    0   0    0  ...     0    0      0      0    0    0    0
24    0    1   0    0    2   1    0  ...     3    0     67      0    2    0    3
25    0    0   0    0    0   0    0  ...     0    0      0      0    0    0    0
26    0    0   0    0    1   0    0  ...     0    0      3      0    0    0    0
27    0    1   0    0    1   1    0  ...     3    0    102      0    2    1    0
28    0    0   0    0    0   0    0  ...     0    0     12      0    0    0    0
29    0    0   0    0    0   0    0  ...     0    0      2      0    0    0    1
..   ..  ...  ..  ...  ...  ..  ...  ...   ...  ...    ...    ...  ...  ...  ...
297   1  477   4  332  162   2  121  ...  2532   35  15151   -138  596   43  414
298   2  196   6  202  264   0   53  ...  1438   79   9075      0  626   50  432
299   0    5   0    0    2   0    0  ...    53    0    426      0   21    0   15
300   0  443   9  267  228   5   47  ...  2710   16  13560  -1295  591   58  413
301   0  128   1  161  136   6   66  ...  1358   23  10879      0  606   21  390
302   0    5   0    0    1   0    1  ...    37    0    312      0   19    1   14
303   2  462  10  203  157   7   83  ...  2516   23  15656    183  571  133  370
304   3  157  16  197  260   0   40  ...  1227   25  10462      0  515   81  531
305   0    8   0    0    2   0    0  ...    39    0    468      0   19    2   11
306   6  497   2  226  223   2   34  ...  2865    0  16868    126  664   88  445
307   1  187   0  196   79   0   74  ...  2424   97  13089      0  470  119  484
308   0   10   1    0    1   0    0  ...    33    0    424      0    8    5   11
309   2  553  12  364  215   3   37  ...  3509   32  18205    352  636   68  475
310   0  209   4   75  374   7  128  ...  2236  122  13983      0  533   37  488
311   0    7   0    0    1   0    0  ...    45    0    401      0   15    1   15
312  14  605   2  273  190   2   89  ...  3645   35  18255   -370  750   34  542
313   2  208   7  214  189   6  156  ...  1358   36  10246      0  464   64  345
314   0   10   0    0    0   0    1  ...    46    0    381      0   19    1   10
315   0  796   3  246  302   3   65  ...  3713    9  20142   -100  606   66  521
316   0  284   5  567  261   0   52  ...  2737   16  14229      0  632   87  254
317   0   11   0    1    2   0    0  ...    68    0    414      0   19    0   13
318  11  813   5  327  244   3   84  ...  3940   12  19610   -184  598   32  572
319   2  428   6  274  226   1  125  ...  1443    8  11631      0  593  109  404
320   0   12   0    1    4   0    0  ...    54    0    384      0   11    1   10
321   7  793   5  302  394   3  101  ...  3949   34  18339   -554  681    8  624
322   0  324   1  245  218  13   88  ...  2212    6  13497      0  698   93  526
323   0   11   0    0    1   0    0  ...    62    0    417      0   12    1   14
324   7  704   4  613  370   6   63  ...  3943    8  18256   -281  664   50  652
325   0  279   1  314  170  15  100  ...  2325    0  12565      0  578  120  411
326   0    7   0    1    5   0    0  ...    60    0    506      0   25    2   15

[327 rows x 41 columns]
[2020-07-01 18:22:34,228] {logging_mixin.py:112} INFO - data cleaned successfully !!
[2020-07-01 18:22:34,229] {python_operator.py:114} INFO - Done. Returned value was: None
[2020-07-01 18:22:34,234] {taskinstance.py:1065} INFO - Marking task as SUCCESS.dag_id=covid_stats, task_id=extract, execution_date=20200628T004500, start_date=20200701T125233, end_date=20200701T125234
[2020-07-01 18:22:43,669] {logging_mixin.py:112} INFO - [2020-07-01 18:22:43,668] {local_task_job.py:103} INFO - Task exited with return code 0
