[2020-07-04 17:49:36,123] {scheduler_job.py:154} INFO - Started process (PID=9174) to work on /home/nineleaps/airflow/dags/main_dag.py
[2020-07-04 17:49:36,126] {scheduler_job.py:1562} INFO - Processing file /home/nineleaps/airflow/dags/main_dag.py for tasks to queue
[2020-07-04 17:49:36,126] {logging_mixin.py:112} INFO - [2020-07-04 17:49:36,126] {dagbag.py:396} INFO - Filling up the DagBag from /home/nineleaps/airflow/dags/main_dag.py
[2020-07-04 17:49:36,151] {scheduler_job.py:1574} INFO - DAG(s) ['covid_stats'] retrieved from /home/nineleaps/airflow/dags/main_dag.py
[2020-07-04 17:49:36,169] {scheduler_job.py:1284} INFO - Processing covid_stats
[2020-07-04 17:49:36,194] {scheduler_job.py:1294} INFO - Created <DagRun covid_stats @ 2020-06-28T00:47:00+00:00: scheduled__2020-06-28T00:47:00+00:00, externally triggered: False>
[2020-07-04 17:49:36,196] {scheduler_job.py:759} INFO - Examining DAG run <DagRun covid_stats @ 2020-06-28 00:39:00+00:00: scheduled__2020-06-28T00:39:00+00:00, externally triggered: False>
[2020-07-04 17:49:36,201] {logging_mixin.py:112} INFO - [2020-07-04 17:49:36,201] {dagrun.py:309} INFO - Marking run <DagRun covid_stats @ 2020-06-28 00:39:00+00:00: scheduled__2020-06-28T00:39:00+00:00, externally triggered: False> failed
[2020-07-04 17:49:36,206] {scheduler_job.py:759} INFO - Examining DAG run <DagRun covid_stats @ 2020-06-28 00:40:00+00:00: scheduled__2020-06-28T00:40:00+00:00, externally triggered: False>
[2020-07-04 17:49:36,230] {scheduler_job.py:759} INFO - Examining DAG run <DagRun covid_stats @ 2020-06-28 00:41:00+00:00: scheduled__2020-06-28T00:41:00+00:00, externally triggered: False>
[2020-07-04 17:49:36,242] {scheduler_job.py:759} INFO - Examining DAG run <DagRun covid_stats @ 2020-06-28 00:42:00+00:00: scheduled__2020-06-28T00:42:00+00:00, externally triggered: False>
[2020-07-04 17:49:36,252] {scheduler_job.py:759} INFO - Examining DAG run <DagRun covid_stats @ 2020-06-28 00:43:00+00:00: scheduled__2020-06-28T00:43:00+00:00, externally triggered: False>
[2020-07-04 17:49:36,261] {scheduler_job.py:759} INFO - Examining DAG run <DagRun covid_stats @ 2020-06-28 00:44:00+00:00: scheduled__2020-06-28T00:44:00+00:00, externally triggered: False>
[2020-07-04 17:49:36,271] {scheduler_job.py:759} INFO - Examining DAG run <DagRun covid_stats @ 2020-06-28 00:45:00+00:00: scheduled__2020-06-28T00:45:00+00:00, externally triggered: False>
[2020-07-04 17:49:36,281] {scheduler_job.py:759} INFO - Examining DAG run <DagRun covid_stats @ 2020-06-28 00:46:00+00:00: scheduled__2020-06-28T00:46:00+00:00, externally triggered: False>
[2020-07-04 17:49:36,291] {scheduler_job.py:759} INFO - Examining DAG run <DagRun covid_stats @ 2020-06-28 00:47:00+00:00: scheduled__2020-06-28T00:47:00+00:00, externally triggered: False>
[2020-07-04 17:49:36,351] {scheduler_job.py:447} INFO - Skipping SLA check for <DAG: covid_stats> because no tasks in DAG have SLAs
[2020-07-04 17:49:36,354] {scheduler_job.py:1640} INFO - Creating / updating <TaskInstance: covid_stats.generate_csv 2020-06-28 00:40:00+00:00 [scheduled]> in ORM
[2020-07-04 17:49:36,356] {scheduler_job.py:1640} INFO - Creating / updating <TaskInstance: covid_stats.generate_csv 2020-06-28 00:41:00+00:00 [scheduled]> in ORM
[2020-07-04 17:49:36,358] {scheduler_job.py:1640} INFO - Creating / updating <TaskInstance: covid_stats.generate_csv 2020-06-28 00:42:00+00:00 [scheduled]> in ORM
[2020-07-04 17:49:36,360] {scheduler_job.py:1640} INFO - Creating / updating <TaskInstance: covid_stats.generate_csv 2020-06-28 00:43:00+00:00 [scheduled]> in ORM
[2020-07-04 17:49:36,362] {scheduler_job.py:1640} INFO - Creating / updating <TaskInstance: covid_stats.generate_csv 2020-06-28 00:44:00+00:00 [scheduled]> in ORM
[2020-07-04 17:49:36,365] {scheduler_job.py:1640} INFO - Creating / updating <TaskInstance: covid_stats.generate_csv 2020-06-28 00:45:00+00:00 [scheduled]> in ORM
[2020-07-04 17:49:36,367] {scheduler_job.py:1640} INFO - Creating / updating <TaskInstance: covid_stats.generate_csv 2020-06-28 00:46:00+00:00 [scheduled]> in ORM
[2020-07-04 17:49:36,369] {scheduler_job.py:1640} INFO - Creating / updating <TaskInstance: covid_stats.extract 2020-06-28 00:47:00+00:00 [scheduled]> in ORM
[2020-07-04 17:49:36,380] {scheduler_job.py:162} INFO - Processing /home/nineleaps/airflow/dags/main_dag.py took 0.257 seconds
[2020-07-04 17:52:28,466] {scheduler_job.py:154} INFO - Started process (PID=12819) to work on /home/nineleaps/airflow/dags/main_dag.py
[2020-07-04 17:52:28,472] {scheduler_job.py:1562} INFO - Processing file /home/nineleaps/airflow/dags/main_dag.py for tasks to queue
[2020-07-04 17:52:28,472] {logging_mixin.py:112} INFO - [2020-07-04 17:52:28,472] {dagbag.py:396} INFO - Filling up the DagBag from /home/nineleaps/airflow/dags/main_dag.py
[2020-07-04 17:52:28,502] {scheduler_job.py:1574} INFO - DAG(s) ['covid_stats'] retrieved from /home/nineleaps/airflow/dags/main_dag.py
[2020-07-04 17:52:28,521] {scheduler_job.py:1284} INFO - Processing covid_stats
[2020-07-04 17:52:28,553] {scheduler_job.py:1294} INFO - Created <DagRun covid_stats @ 2020-06-28T00:48:00+00:00: scheduled__2020-06-28T00:48:00+00:00, externally triggered: False>
[2020-07-04 17:52:28,557] {scheduler_job.py:759} INFO - Examining DAG run <DagRun covid_stats @ 2020-06-28 00:40:00+00:00: scheduled__2020-06-28T00:40:00+00:00, externally triggered: False>
[2020-07-04 17:52:28,574] {scheduler_job.py:759} INFO - Examining DAG run <DagRun covid_stats @ 2020-06-28 00:41:00+00:00: scheduled__2020-06-28T00:41:00+00:00, externally triggered: False>
[2020-07-04 17:52:28,584] {scheduler_job.py:759} INFO - Examining DAG run <DagRun covid_stats @ 2020-06-28 00:42:00+00:00: scheduled__2020-06-28T00:42:00+00:00, externally triggered: False>
[2020-07-04 17:52:28,594] {scheduler_job.py:759} INFO - Examining DAG run <DagRun covid_stats @ 2020-06-28 00:43:00+00:00: scheduled__2020-06-28T00:43:00+00:00, externally triggered: False>
[2020-07-04 17:52:28,604] {scheduler_job.py:759} INFO - Examining DAG run <DagRun covid_stats @ 2020-06-28 00:44:00+00:00: scheduled__2020-06-28T00:44:00+00:00, externally triggered: False>
[2020-07-04 17:52:28,614] {scheduler_job.py:759} INFO - Examining DAG run <DagRun covid_stats @ 2020-06-28 00:45:00+00:00: scheduled__2020-06-28T00:45:00+00:00, externally triggered: False>
[2020-07-04 17:52:28,623] {scheduler_job.py:759} INFO - Examining DAG run <DagRun covid_stats @ 2020-06-28 00:46:00+00:00: scheduled__2020-06-28T00:46:00+00:00, externally triggered: False>
[2020-07-04 17:52:28,635] {scheduler_job.py:759} INFO - Examining DAG run <DagRun covid_stats @ 2020-06-28 00:47:00+00:00: scheduled__2020-06-28T00:47:00+00:00, externally triggered: False>
[2020-07-04 17:52:28,646] {scheduler_job.py:759} INFO - Examining DAG run <DagRun covid_stats @ 2020-06-28 00:48:00+00:00: scheduled__2020-06-28T00:48:00+00:00, externally triggered: False>
[2020-07-04 17:52:28,709] {scheduler_job.py:447} INFO - Skipping SLA check for <DAG: covid_stats> because no tasks in DAG have SLAs
[2020-07-04 17:52:28,712] {scheduler_job.py:1640} INFO - Creating / updating <TaskInstance: covid_stats.generate_csv 2020-06-28 00:41:00+00:00 [scheduled]> in ORM
[2020-07-04 17:52:28,714] {scheduler_job.py:1640} INFO - Creating / updating <TaskInstance: covid_stats.generate_csv 2020-06-28 00:42:00+00:00 [scheduled]> in ORM
[2020-07-04 17:52:28,717] {scheduler_job.py:1640} INFO - Creating / updating <TaskInstance: covid_stats.generate_csv 2020-06-28 00:43:00+00:00 [scheduled]> in ORM
[2020-07-04 17:52:28,719] {scheduler_job.py:1640} INFO - Creating / updating <TaskInstance: covid_stats.generate_csv 2020-06-28 00:44:00+00:00 [scheduled]> in ORM
[2020-07-04 17:52:28,721] {scheduler_job.py:1640} INFO - Creating / updating <TaskInstance: covid_stats.generate_csv 2020-06-28 00:45:00+00:00 [scheduled]> in ORM
[2020-07-04 17:52:28,723] {scheduler_job.py:1640} INFO - Creating / updating <TaskInstance: covid_stats.generate_csv 2020-06-28 00:46:00+00:00 [scheduled]> in ORM
[2020-07-04 17:52:28,725] {scheduler_job.py:1640} INFO - Creating / updating <TaskInstance: covid_stats.generate_csv 2020-06-28 00:47:00+00:00 [scheduled]> in ORM
[2020-07-04 17:52:28,728] {scheduler_job.py:1640} INFO - Creating / updating <TaskInstance: covid_stats.extract 2020-06-28 00:48:00+00:00 [scheduled]> in ORM
[2020-07-04 17:52:28,739] {scheduler_job.py:162} INFO - Processing /home/nineleaps/airflow/dags/main_dag.py took 0.273 seconds
[2020-07-04 17:55:10,615] {scheduler_job.py:154} INFO - Started process (PID=14753) to work on /home/nineleaps/airflow/dags/main_dag.py
[2020-07-04 17:55:10,618] {scheduler_job.py:1562} INFO - Processing file /home/nineleaps/airflow/dags/main_dag.py for tasks to queue
[2020-07-04 17:55:10,618] {logging_mixin.py:112} INFO - [2020-07-04 17:55:10,618] {dagbag.py:396} INFO - Filling up the DagBag from /home/nineleaps/airflow/dags/main_dag.py
[2020-07-04 17:55:10,647] {scheduler_job.py:1574} INFO - DAG(s) ['covid_stats'] retrieved from /home/nineleaps/airflow/dags/main_dag.py
[2020-07-04 17:55:10,667] {scheduler_job.py:1284} INFO - Processing covid_stats
[2020-07-04 17:55:10,697] {scheduler_job.py:1294} INFO - Created <DagRun covid_stats @ 2020-06-28T00:49:00+00:00: scheduled__2020-06-28T00:49:00+00:00, externally triggered: False>
[2020-07-04 17:55:10,699] {scheduler_job.py:759} INFO - Examining DAG run <DagRun covid_stats @ 2020-06-28 00:40:00+00:00: scheduled__2020-06-28T00:40:00+00:00, externally triggered: False>
[2020-07-04 17:55:10,704] {logging_mixin.py:112} INFO - [2020-07-04 17:55:10,704] {dagrun.py:309} INFO - Marking run <DagRun covid_stats @ 2020-06-28 00:40:00+00:00: scheduled__2020-06-28T00:40:00+00:00, externally triggered: False> failed
[2020-07-04 17:55:10,707] {scheduler_job.py:759} INFO - Examining DAG run <DagRun covid_stats @ 2020-06-28 00:41:00+00:00: scheduled__2020-06-28T00:41:00+00:00, externally triggered: False>
[2020-07-04 17:55:10,720] {scheduler_job.py:759} INFO - Examining DAG run <DagRun covid_stats @ 2020-06-28 00:42:00+00:00: scheduled__2020-06-28T00:42:00+00:00, externally triggered: False>
[2020-07-04 17:55:10,731] {scheduler_job.py:759} INFO - Examining DAG run <DagRun covid_stats @ 2020-06-28 00:43:00+00:00: scheduled__2020-06-28T00:43:00+00:00, externally triggered: False>
[2020-07-04 17:55:10,741] {scheduler_job.py:759} INFO - Examining DAG run <DagRun covid_stats @ 2020-06-28 00:44:00+00:00: scheduled__2020-06-28T00:44:00+00:00, externally triggered: False>
[2020-07-04 17:55:10,751] {scheduler_job.py:759} INFO - Examining DAG run <DagRun covid_stats @ 2020-06-28 00:45:00+00:00: scheduled__2020-06-28T00:45:00+00:00, externally triggered: False>
[2020-07-04 17:55:10,761] {scheduler_job.py:759} INFO - Examining DAG run <DagRun covid_stats @ 2020-06-28 00:46:00+00:00: scheduled__2020-06-28T00:46:00+00:00, externally triggered: False>
[2020-07-04 17:55:10,771] {scheduler_job.py:759} INFO - Examining DAG run <DagRun covid_stats @ 2020-06-28 00:47:00+00:00: scheduled__2020-06-28T00:47:00+00:00, externally triggered: False>
[2020-07-04 17:55:10,781] {scheduler_job.py:759} INFO - Examining DAG run <DagRun covid_stats @ 2020-06-28 00:48:00+00:00: scheduled__2020-06-28T00:48:00+00:00, externally triggered: False>
[2020-07-04 17:55:10,791] {scheduler_job.py:759} INFO - Examining DAG run <DagRun covid_stats @ 2020-06-28 00:49:00+00:00: scheduled__2020-06-28T00:49:00+00:00, externally triggered: False>
[2020-07-04 17:55:10,852] {scheduler_job.py:447} INFO - Skipping SLA check for <DAG: covid_stats> because no tasks in DAG have SLAs
[2020-07-04 17:55:10,855] {scheduler_job.py:1640} INFO - Creating / updating <TaskInstance: covid_stats.generate_csv 2020-06-28 00:42:00+00:00 [scheduled]> in ORM
[2020-07-04 17:55:10,858] {scheduler_job.py:1640} INFO - Creating / updating <TaskInstance: covid_stats.generate_csv 2020-06-28 00:43:00+00:00 [scheduled]> in ORM
[2020-07-04 17:55:10,861] {scheduler_job.py:1640} INFO - Creating / updating <TaskInstance: covid_stats.generate_csv 2020-06-28 00:44:00+00:00 [scheduled]> in ORM
[2020-07-04 17:55:10,863] {scheduler_job.py:1640} INFO - Creating / updating <TaskInstance: covid_stats.generate_csv 2020-06-28 00:45:00+00:00 [scheduled]> in ORM
[2020-07-04 17:55:10,865] {scheduler_job.py:1640} INFO - Creating / updating <TaskInstance: covid_stats.generate_csv 2020-06-28 00:46:00+00:00 [scheduled]> in ORM
[2020-07-04 17:55:10,867] {scheduler_job.py:1640} INFO - Creating / updating <TaskInstance: covid_stats.generate_csv 2020-06-28 00:47:00+00:00 [scheduled]> in ORM
[2020-07-04 17:55:10,870] {scheduler_job.py:1640} INFO - Creating / updating <TaskInstance: covid_stats.generate_csv 2020-06-28 00:48:00+00:00 [scheduled]> in ORM
[2020-07-04 17:55:10,872] {scheduler_job.py:1640} INFO - Creating / updating <TaskInstance: covid_stats.extract 2020-06-28 00:49:00+00:00 [scheduled]> in ORM
[2020-07-04 17:55:10,882] {scheduler_job.py:162} INFO - Processing /home/nineleaps/airflow/dags/main_dag.py took 0.268 seconds
[2020-07-04 17:57:52,113] {scheduler_job.py:154} INFO - Started process (PID=16495) to work on /home/nineleaps/airflow/dags/main_dag.py
[2020-07-04 17:57:52,116] {scheduler_job.py:1562} INFO - Processing file /home/nineleaps/airflow/dags/main_dag.py for tasks to queue
[2020-07-04 17:57:52,116] {logging_mixin.py:112} INFO - [2020-07-04 17:57:52,116] {dagbag.py:396} INFO - Filling up the DagBag from /home/nineleaps/airflow/dags/main_dag.py
[2020-07-04 17:57:52,144] {scheduler_job.py:1574} INFO - DAG(s) ['covid_stats'] retrieved from /home/nineleaps/airflow/dags/main_dag.py
[2020-07-04 17:57:52,163] {scheduler_job.py:1284} INFO - Processing covid_stats
[2020-07-04 17:57:52,193] {scheduler_job.py:1294} INFO - Created <DagRun covid_stats @ 2020-06-28T00:50:00+00:00: scheduled__2020-06-28T00:50:00+00:00, externally triggered: False>
[2020-07-04 17:57:52,197] {scheduler_job.py:759} INFO - Examining DAG run <DagRun covid_stats @ 2020-06-28 00:41:00+00:00: scheduled__2020-06-28T00:41:00+00:00, externally triggered: False>
[2020-07-04 17:57:52,204] {logging_mixin.py:112} INFO - [2020-07-04 17:57:52,204] {dagrun.py:309} INFO - Marking run <DagRun covid_stats @ 2020-06-28 00:41:00+00:00: scheduled__2020-06-28T00:41:00+00:00, externally triggered: False> failed
[2020-07-04 17:57:52,208] {scheduler_job.py:759} INFO - Examining DAG run <DagRun covid_stats @ 2020-06-28 00:42:00+00:00: scheduled__2020-06-28T00:42:00+00:00, externally triggered: False>
[2020-07-04 17:57:52,221] {scheduler_job.py:759} INFO - Examining DAG run <DagRun covid_stats @ 2020-06-28 00:43:00+00:00: scheduled__2020-06-28T00:43:00+00:00, externally triggered: False>
[2020-07-04 17:57:52,232] {scheduler_job.py:759} INFO - Examining DAG run <DagRun covid_stats @ 2020-06-28 00:44:00+00:00: scheduled__2020-06-28T00:44:00+00:00, externally triggered: False>
[2020-07-04 17:57:52,242] {scheduler_job.py:759} INFO - Examining DAG run <DagRun covid_stats @ 2020-06-28 00:45:00+00:00: scheduled__2020-06-28T00:45:00+00:00, externally triggered: False>
[2020-07-04 17:57:52,252] {scheduler_job.py:759} INFO - Examining DAG run <DagRun covid_stats @ 2020-06-28 00:46:00+00:00: scheduled__2020-06-28T00:46:00+00:00, externally triggered: False>
[2020-07-04 17:57:52,262] {scheduler_job.py:759} INFO - Examining DAG run <DagRun covid_stats @ 2020-06-28 00:47:00+00:00: scheduled__2020-06-28T00:47:00+00:00, externally triggered: False>
[2020-07-04 17:57:52,271] {scheduler_job.py:759} INFO - Examining DAG run <DagRun covid_stats @ 2020-06-28 00:48:00+00:00: scheduled__2020-06-28T00:48:00+00:00, externally triggered: False>
[2020-07-04 17:57:52,281] {scheduler_job.py:759} INFO - Examining DAG run <DagRun covid_stats @ 2020-06-28 00:49:00+00:00: scheduled__2020-06-28T00:49:00+00:00, externally triggered: False>
[2020-07-04 17:57:52,291] {scheduler_job.py:759} INFO - Examining DAG run <DagRun covid_stats @ 2020-06-28 00:50:00+00:00: scheduled__2020-06-28T00:50:00+00:00, externally triggered: False>
[2020-07-04 17:57:52,353] {scheduler_job.py:447} INFO - Skipping SLA check for <DAG: covid_stats> because no tasks in DAG have SLAs
[2020-07-04 17:57:52,355] {scheduler_job.py:1640} INFO - Creating / updating <TaskInstance: covid_stats.generate_csv 2020-06-28 00:43:00+00:00 [scheduled]> in ORM
[2020-07-04 17:57:52,358] {scheduler_job.py:1640} INFO - Creating / updating <TaskInstance: covid_stats.generate_csv 2020-06-28 00:44:00+00:00 [scheduled]> in ORM
[2020-07-04 17:57:52,360] {scheduler_job.py:1640} INFO - Creating / updating <TaskInstance: covid_stats.generate_csv 2020-06-28 00:45:00+00:00 [scheduled]> in ORM
[2020-07-04 17:57:52,362] {scheduler_job.py:1640} INFO - Creating / updating <TaskInstance: covid_stats.generate_csv 2020-06-28 00:46:00+00:00 [scheduled]> in ORM
[2020-07-04 17:57:52,364] {scheduler_job.py:1640} INFO - Creating / updating <TaskInstance: covid_stats.generate_csv 2020-06-28 00:47:00+00:00 [scheduled]> in ORM
[2020-07-04 17:57:52,366] {scheduler_job.py:1640} INFO - Creating / updating <TaskInstance: covid_stats.generate_csv 2020-06-28 00:48:00+00:00 [scheduled]> in ORM
[2020-07-04 17:57:52,369] {scheduler_job.py:1640} INFO - Creating / updating <TaskInstance: covid_stats.generate_csv 2020-06-28 00:49:00+00:00 [scheduled]> in ORM
[2020-07-04 17:57:52,371] {scheduler_job.py:1640} INFO - Creating / updating <TaskInstance: covid_stats.extract 2020-06-28 00:50:00+00:00 [scheduled]> in ORM
[2020-07-04 17:57:52,378] {scheduler_job.py:162} INFO - Processing /home/nineleaps/airflow/dags/main_dag.py took 0.265 seconds
[2020-07-04 18:00:33,504] {scheduler_job.py:154} INFO - Started process (PID=18380) to work on /home/nineleaps/airflow/dags/main_dag.py
[2020-07-04 18:00:33,507] {scheduler_job.py:1562} INFO - Processing file /home/nineleaps/airflow/dags/main_dag.py for tasks to queue
[2020-07-04 18:00:33,508] {logging_mixin.py:112} INFO - [2020-07-04 18:00:33,508] {dagbag.py:396} INFO - Filling up the DagBag from /home/nineleaps/airflow/dags/main_dag.py
[2020-07-04 18:00:33,539] {scheduler_job.py:1574} INFO - DAG(s) ['covid_stats'] retrieved from /home/nineleaps/airflow/dags/main_dag.py
[2020-07-04 18:00:33,569] {scheduler_job.py:1284} INFO - Processing covid_stats
[2020-07-04 18:00:33,605] {scheduler_job.py:1294} INFO - Created <DagRun covid_stats @ 2020-06-28T00:51:00+00:00: scheduled__2020-06-28T00:51:00+00:00, externally triggered: False>
[2020-07-04 18:00:33,607] {scheduler_job.py:759} INFO - Examining DAG run <DagRun covid_stats @ 2020-06-28 00:42:00+00:00: scheduled__2020-06-28T00:42:00+00:00, externally triggered: False>
[2020-07-04 18:00:33,611] {logging_mixin.py:112} INFO - [2020-07-04 18:00:33,611] {dagrun.py:309} INFO - Marking run <DagRun covid_stats @ 2020-06-28 00:42:00+00:00: scheduled__2020-06-28T00:42:00+00:00, externally triggered: False> failed
[2020-07-04 18:00:33,615] {scheduler_job.py:759} INFO - Examining DAG run <DagRun covid_stats @ 2020-06-28 00:43:00+00:00: scheduled__2020-06-28T00:43:00+00:00, externally triggered: False>
[2020-07-04 18:00:33,629] {scheduler_job.py:759} INFO - Examining DAG run <DagRun covid_stats @ 2020-06-28 00:44:00+00:00: scheduled__2020-06-28T00:44:00+00:00, externally triggered: False>
[2020-07-04 18:00:33,641] {scheduler_job.py:759} INFO - Examining DAG run <DagRun covid_stats @ 2020-06-28 00:45:00+00:00: scheduled__2020-06-28T00:45:00+00:00, externally triggered: False>
[2020-07-04 18:00:33,653] {scheduler_job.py:759} INFO - Examining DAG run <DagRun covid_stats @ 2020-06-28 00:46:00+00:00: scheduled__2020-06-28T00:46:00+00:00, externally triggered: False>
[2020-07-04 18:00:33,664] {scheduler_job.py:759} INFO - Examining DAG run <DagRun covid_stats @ 2020-06-28 00:47:00+00:00: scheduled__2020-06-28T00:47:00+00:00, externally triggered: False>
[2020-07-04 18:00:33,675] {scheduler_job.py:759} INFO - Examining DAG run <DagRun covid_stats @ 2020-06-28 00:48:00+00:00: scheduled__2020-06-28T00:48:00+00:00, externally triggered: False>
[2020-07-04 18:00:33,685] {scheduler_job.py:759} INFO - Examining DAG run <DagRun covid_stats @ 2020-06-28 00:49:00+00:00: scheduled__2020-06-28T00:49:00+00:00, externally triggered: False>
[2020-07-04 18:00:33,696] {scheduler_job.py:759} INFO - Examining DAG run <DagRun covid_stats @ 2020-06-28 00:50:00+00:00: scheduled__2020-06-28T00:50:00+00:00, externally triggered: False>
[2020-07-04 18:00:33,706] {scheduler_job.py:759} INFO - Examining DAG run <DagRun covid_stats @ 2020-06-28 00:51:00+00:00: scheduled__2020-06-28T00:51:00+00:00, externally triggered: False>
[2020-07-04 18:00:33,769] {scheduler_job.py:447} INFO - Skipping SLA check for <DAG: covid_stats> because no tasks in DAG have SLAs
[2020-07-04 18:00:33,772] {scheduler_job.py:1640} INFO - Creating / updating <TaskInstance: covid_stats.generate_csv 2020-06-28 00:44:00+00:00 [scheduled]> in ORM
[2020-07-04 18:00:33,775] {scheduler_job.py:1640} INFO - Creating / updating <TaskInstance: covid_stats.generate_csv 2020-06-28 00:45:00+00:00 [scheduled]> in ORM
[2020-07-04 18:00:33,777] {scheduler_job.py:1640} INFO - Creating / updating <TaskInstance: covid_stats.generate_csv 2020-06-28 00:46:00+00:00 [scheduled]> in ORM
[2020-07-04 18:00:33,779] {scheduler_job.py:1640} INFO - Creating / updating <TaskInstance: covid_stats.generate_csv 2020-06-28 00:47:00+00:00 [scheduled]> in ORM
[2020-07-04 18:00:33,781] {scheduler_job.py:1640} INFO - Creating / updating <TaskInstance: covid_stats.generate_csv 2020-06-28 00:48:00+00:00 [scheduled]> in ORM
[2020-07-04 18:00:33,783] {scheduler_job.py:1640} INFO - Creating / updating <TaskInstance: covid_stats.generate_csv 2020-06-28 00:49:00+00:00 [scheduled]> in ORM
[2020-07-04 18:00:33,786] {scheduler_job.py:1640} INFO - Creating / updating <TaskInstance: covid_stats.generate_csv 2020-06-28 00:50:00+00:00 [scheduled]> in ORM
[2020-07-04 18:00:33,788] {scheduler_job.py:1640} INFO - Creating / updating <TaskInstance: covid_stats.extract 2020-06-28 00:51:00+00:00 [scheduled]> in ORM
[2020-07-04 18:00:33,795] {scheduler_job.py:162} INFO - Processing /home/nineleaps/airflow/dags/main_dag.py took 0.291 seconds
[2020-07-04 18:03:15,685] {scheduler_job.py:154} INFO - Started process (PID=20243) to work on /home/nineleaps/airflow/dags/main_dag.py
[2020-07-04 18:03:15,688] {scheduler_job.py:1562} INFO - Processing file /home/nineleaps/airflow/dags/main_dag.py for tasks to queue
[2020-07-04 18:03:15,688] {logging_mixin.py:112} INFO - [2020-07-04 18:03:15,688] {dagbag.py:396} INFO - Filling up the DagBag from /home/nineleaps/airflow/dags/main_dag.py
[2020-07-04 18:03:15,715] {scheduler_job.py:1574} INFO - DAG(s) ['covid_stats'] retrieved from /home/nineleaps/airflow/dags/main_dag.py
[2020-07-04 18:03:15,735] {scheduler_job.py:1284} INFO - Processing covid_stats
[2020-07-04 18:03:15,760] {scheduler_job.py:1294} INFO - Created <DagRun covid_stats @ 2020-06-28T00:52:00+00:00: scheduled__2020-06-28T00:52:00+00:00, externally triggered: False>
[2020-07-04 18:03:15,762] {scheduler_job.py:759} INFO - Examining DAG run <DagRun covid_stats @ 2020-06-28 00:43:00+00:00: scheduled__2020-06-28T00:43:00+00:00, externally triggered: False>
[2020-07-04 18:03:15,767] {logging_mixin.py:112} INFO - [2020-07-04 18:03:15,767] {dagrun.py:309} INFO - Marking run <DagRun covid_stats @ 2020-06-28 00:43:00+00:00: scheduled__2020-06-28T00:43:00+00:00, externally triggered: False> failed
[2020-07-04 18:03:15,772] {scheduler_job.py:759} INFO - Examining DAG run <DagRun covid_stats @ 2020-06-28 00:44:00+00:00: scheduled__2020-06-28T00:44:00+00:00, externally triggered: False>
[2020-07-04 18:03:15,810] {scheduler_job.py:759} INFO - Examining DAG run <DagRun covid_stats @ 2020-06-28 00:45:00+00:00: scheduled__2020-06-28T00:45:00+00:00, externally triggered: False>
[2020-07-04 18:03:15,823] {scheduler_job.py:759} INFO - Examining DAG run <DagRun covid_stats @ 2020-06-28 00:46:00+00:00: scheduled__2020-06-28T00:46:00+00:00, externally triggered: False>
[2020-07-04 18:03:15,833] {scheduler_job.py:759} INFO - Examining DAG run <DagRun covid_stats @ 2020-06-28 00:47:00+00:00: scheduled__2020-06-28T00:47:00+00:00, externally triggered: False>
[2020-07-04 18:03:15,843] {scheduler_job.py:759} INFO - Examining DAG run <DagRun covid_stats @ 2020-06-28 00:48:00+00:00: scheduled__2020-06-28T00:48:00+00:00, externally triggered: False>
[2020-07-04 18:03:15,853] {scheduler_job.py:759} INFO - Examining DAG run <DagRun covid_stats @ 2020-06-28 00:49:00+00:00: scheduled__2020-06-28T00:49:00+00:00, externally triggered: False>
[2020-07-04 18:03:15,863] {scheduler_job.py:759} INFO - Examining DAG run <DagRun covid_stats @ 2020-06-28 00:50:00+00:00: scheduled__2020-06-28T00:50:00+00:00, externally triggered: False>
[2020-07-04 18:03:15,873] {scheduler_job.py:759} INFO - Examining DAG run <DagRun covid_stats @ 2020-06-28 00:51:00+00:00: scheduled__2020-06-28T00:51:00+00:00, externally triggered: False>
[2020-07-04 18:03:15,883] {scheduler_job.py:759} INFO - Examining DAG run <DagRun covid_stats @ 2020-06-28 00:52:00+00:00: scheduled__2020-06-28T00:52:00+00:00, externally triggered: False>
[2020-07-04 18:03:15,943] {scheduler_job.py:447} INFO - Skipping SLA check for <DAG: covid_stats> because no tasks in DAG have SLAs
[2020-07-04 18:03:15,946] {scheduler_job.py:1640} INFO - Creating / updating <TaskInstance: covid_stats.generate_csv 2020-06-28 00:45:00+00:00 [scheduled]> in ORM
[2020-07-04 18:03:15,948] {scheduler_job.py:1640} INFO - Creating / updating <TaskInstance: covid_stats.generate_csv 2020-06-28 00:46:00+00:00 [scheduled]> in ORM
[2020-07-04 18:03:15,950] {scheduler_job.py:1640} INFO - Creating / updating <TaskInstance: covid_stats.generate_csv 2020-06-28 00:47:00+00:00 [scheduled]> in ORM
[2020-07-04 18:03:15,953] {scheduler_job.py:1640} INFO - Creating / updating <TaskInstance: covid_stats.generate_csv 2020-06-28 00:48:00+00:00 [scheduled]> in ORM
[2020-07-04 18:03:15,955] {scheduler_job.py:1640} INFO - Creating / updating <TaskInstance: covid_stats.generate_csv 2020-06-28 00:49:00+00:00 [scheduled]> in ORM
[2020-07-04 18:03:15,957] {scheduler_job.py:1640} INFO - Creating / updating <TaskInstance: covid_stats.generate_csv 2020-06-28 00:50:00+00:00 [scheduled]> in ORM
[2020-07-04 18:03:15,959] {scheduler_job.py:1640} INFO - Creating / updating <TaskInstance: covid_stats.generate_csv 2020-06-28 00:51:00+00:00 [scheduled]> in ORM
[2020-07-04 18:03:15,961] {scheduler_job.py:1640} INFO - Creating / updating <TaskInstance: covid_stats.extract 2020-06-28 00:52:00+00:00 [scheduled]> in ORM
[2020-07-04 18:03:15,968] {scheduler_job.py:162} INFO - Processing /home/nineleaps/airflow/dags/main_dag.py took 0.284 seconds
[2020-07-04 18:05:57,505] {scheduler_job.py:154} INFO - Started process (PID=22026) to work on /home/nineleaps/airflow/dags/main_dag.py
[2020-07-04 18:05:57,508] {scheduler_job.py:1562} INFO - Processing file /home/nineleaps/airflow/dags/main_dag.py for tasks to queue
[2020-07-04 18:05:57,508] {logging_mixin.py:112} INFO - [2020-07-04 18:05:57,508] {dagbag.py:396} INFO - Filling up the DagBag from /home/nineleaps/airflow/dags/main_dag.py
[2020-07-04 18:05:57,531] {scheduler_job.py:1574} INFO - DAG(s) ['covid_stats'] retrieved from /home/nineleaps/airflow/dags/main_dag.py
[2020-07-04 18:05:57,570] {scheduler_job.py:1284} INFO - Processing covid_stats
[2020-07-04 18:05:57,600] {scheduler_job.py:1294} INFO - Created <DagRun covid_stats @ 2020-06-28T00:53:00+00:00: scheduled__2020-06-28T00:53:00+00:00, externally triggered: False>
[2020-07-04 18:05:57,602] {scheduler_job.py:759} INFO - Examining DAG run <DagRun covid_stats @ 2020-06-28 00:44:00+00:00: scheduled__2020-06-28T00:44:00+00:00, externally triggered: False>
[2020-07-04 18:05:57,607] {logging_mixin.py:112} INFO - [2020-07-04 18:05:57,607] {dagrun.py:309} INFO - Marking run <DagRun covid_stats @ 2020-06-28 00:44:00+00:00: scheduled__2020-06-28T00:44:00+00:00, externally triggered: False> failed
[2020-07-04 18:05:57,612] {scheduler_job.py:759} INFO - Examining DAG run <DagRun covid_stats @ 2020-06-28 00:45:00+00:00: scheduled__2020-06-28T00:45:00+00:00, externally triggered: False>
[2020-07-04 18:05:57,626] {scheduler_job.py:759} INFO - Examining DAG run <DagRun covid_stats @ 2020-06-28 00:46:00+00:00: scheduled__2020-06-28T00:46:00+00:00, externally triggered: False>
[2020-07-04 18:05:57,639] {scheduler_job.py:759} INFO - Examining DAG run <DagRun covid_stats @ 2020-06-28 00:47:00+00:00: scheduled__2020-06-28T00:47:00+00:00, externally triggered: False>
[2020-07-04 18:05:57,650] {scheduler_job.py:759} INFO - Examining DAG run <DagRun covid_stats @ 2020-06-28 00:48:00+00:00: scheduled__2020-06-28T00:48:00+00:00, externally triggered: False>
[2020-07-04 18:05:57,660] {scheduler_job.py:759} INFO - Examining DAG run <DagRun covid_stats @ 2020-06-28 00:49:00+00:00: scheduled__2020-06-28T00:49:00+00:00, externally triggered: False>
[2020-07-04 18:05:57,670] {scheduler_job.py:759} INFO - Examining DAG run <DagRun covid_stats @ 2020-06-28 00:50:00+00:00: scheduled__2020-06-28T00:50:00+00:00, externally triggered: False>
[2020-07-04 18:05:57,680] {scheduler_job.py:759} INFO - Examining DAG run <DagRun covid_stats @ 2020-06-28 00:51:00+00:00: scheduled__2020-06-28T00:51:00+00:00, externally triggered: False>
[2020-07-04 18:05:57,690] {scheduler_job.py:759} INFO - Examining DAG run <DagRun covid_stats @ 2020-06-28 00:52:00+00:00: scheduled__2020-06-28T00:52:00+00:00, externally triggered: False>
[2020-07-04 18:05:57,699] {scheduler_job.py:759} INFO - Examining DAG run <DagRun covid_stats @ 2020-06-28 00:53:00+00:00: scheduled__2020-06-28T00:53:00+00:00, externally triggered: False>
[2020-07-04 18:05:57,755] {scheduler_job.py:447} INFO - Skipping SLA check for <DAG: covid_stats> because no tasks in DAG have SLAs
[2020-07-04 18:05:57,758] {scheduler_job.py:1640} INFO - Creating / updating <TaskInstance: covid_stats.generate_csv 2020-06-28 00:47:00+00:00 [scheduled]> in ORM
[2020-07-04 18:05:57,760] {scheduler_job.py:1640} INFO - Creating / updating <TaskInstance: covid_stats.generate_csv 2020-06-28 00:48:00+00:00 [scheduled]> in ORM
[2020-07-04 18:05:57,763] {scheduler_job.py:1640} INFO - Creating / updating <TaskInstance: covid_stats.generate_csv 2020-06-28 00:49:00+00:00 [scheduled]> in ORM
[2020-07-04 18:05:57,765] {scheduler_job.py:1640} INFO - Creating / updating <TaskInstance: covid_stats.generate_csv 2020-06-28 00:50:00+00:00 [scheduled]> in ORM
[2020-07-04 18:05:57,767] {scheduler_job.py:1640} INFO - Creating / updating <TaskInstance: covid_stats.generate_csv 2020-06-28 00:51:00+00:00 [scheduled]> in ORM
[2020-07-04 18:05:57,769] {scheduler_job.py:1640} INFO - Creating / updating <TaskInstance: covid_stats.generate_csv 2020-06-28 00:52:00+00:00 [scheduled]> in ORM
[2020-07-04 18:05:57,771] {scheduler_job.py:1640} INFO - Creating / updating <TaskInstance: covid_stats.extract 2020-06-28 00:53:00+00:00 [scheduled]> in ORM
[2020-07-04 18:05:57,778] {scheduler_job.py:162} INFO - Processing /home/nineleaps/airflow/dags/main_dag.py took 0.273 seconds
[2020-07-04 18:08:25,174] {scheduler_job.py:154} INFO - Started process (PID=23646) to work on /home/nineleaps/airflow/dags/main_dag.py
[2020-07-04 18:08:25,177] {scheduler_job.py:1562} INFO - Processing file /home/nineleaps/airflow/dags/main_dag.py for tasks to queue
[2020-07-04 18:08:25,177] {logging_mixin.py:112} INFO - [2020-07-04 18:08:25,177] {dagbag.py:396} INFO - Filling up the DagBag from /home/nineleaps/airflow/dags/main_dag.py
[2020-07-04 18:08:25,204] {scheduler_job.py:1574} INFO - DAG(s) ['covid_stats'] retrieved from /home/nineleaps/airflow/dags/main_dag.py
[2020-07-04 18:08:25,243] {scheduler_job.py:1284} INFO - Processing covid_stats
[2020-07-04 18:08:25,282] {scheduler_job.py:1294} INFO - Created <DagRun covid_stats @ 2020-06-28T00:54:00+00:00: scheduled__2020-06-28T00:54:00+00:00, externally triggered: False>
[2020-07-04 18:08:25,286] {scheduler_job.py:759} INFO - Examining DAG run <DagRun covid_stats @ 2020-06-28 00:45:00+00:00: scheduled__2020-06-28T00:45:00+00:00, externally triggered: False>
[2020-07-04 18:08:25,293] {logging_mixin.py:112} INFO - [2020-07-04 18:08:25,293] {dagrun.py:309} INFO - Marking run <DagRun covid_stats @ 2020-06-28 00:45:00+00:00: scheduled__2020-06-28T00:45:00+00:00, externally triggered: False> failed
[2020-07-04 18:08:25,297] {scheduler_job.py:759} INFO - Examining DAG run <DagRun covid_stats @ 2020-06-28 00:46:00+00:00: scheduled__2020-06-28T00:46:00+00:00, externally triggered: False>
[2020-07-04 18:08:25,302] {logging_mixin.py:112} INFO - [2020-07-04 18:08:25,302] {dagrun.py:309} INFO - Marking run <DagRun covid_stats @ 2020-06-28 00:46:00+00:00: scheduled__2020-06-28T00:46:00+00:00, externally triggered: False> failed
[2020-07-04 18:08:25,306] {scheduler_job.py:759} INFO - Examining DAG run <DagRun covid_stats @ 2020-06-28 00:47:00+00:00: scheduled__2020-06-28T00:47:00+00:00, externally triggered: False>
[2020-07-04 18:08:25,319] {scheduler_job.py:759} INFO - Examining DAG run <DagRun covid_stats @ 2020-06-28 00:48:00+00:00: scheduled__2020-06-28T00:48:00+00:00, externally triggered: False>
[2020-07-04 18:08:25,329] {scheduler_job.py:759} INFO - Examining DAG run <DagRun covid_stats @ 2020-06-28 00:49:00+00:00: scheduled__2020-06-28T00:49:00+00:00, externally triggered: False>
[2020-07-04 18:08:25,339] {scheduler_job.py:759} INFO - Examining DAG run <DagRun covid_stats @ 2020-06-28 00:50:00+00:00: scheduled__2020-06-28T00:50:00+00:00, externally triggered: False>
[2020-07-04 18:08:25,349] {scheduler_job.py:759} INFO - Examining DAG run <DagRun covid_stats @ 2020-06-28 00:51:00+00:00: scheduled__2020-06-28T00:51:00+00:00, externally triggered: False>
[2020-07-04 18:08:25,358] {scheduler_job.py:759} INFO - Examining DAG run <DagRun covid_stats @ 2020-06-28 00:52:00+00:00: scheduled__2020-06-28T00:52:00+00:00, externally triggered: False>
[2020-07-04 18:08:25,368] {scheduler_job.py:759} INFO - Examining DAG run <DagRun covid_stats @ 2020-06-28 00:53:00+00:00: scheduled__2020-06-28T00:53:00+00:00, externally triggered: False>
[2020-07-04 18:08:25,378] {scheduler_job.py:759} INFO - Examining DAG run <DagRun covid_stats @ 2020-06-28 00:54:00+00:00: scheduled__2020-06-28T00:54:00+00:00, externally triggered: False>
[2020-07-04 18:08:25,433] {scheduler_job.py:447} INFO - Skipping SLA check for <DAG: covid_stats> because no tasks in DAG have SLAs
[2020-07-04 18:08:25,436] {scheduler_job.py:1640} INFO - Creating / updating <TaskInstance: covid_stats.generate_csv 2020-06-28 00:48:00+00:00 [scheduled]> in ORM
[2020-07-04 18:08:25,438] {scheduler_job.py:1640} INFO - Creating / updating <TaskInstance: covid_stats.generate_csv 2020-06-28 00:49:00+00:00 [scheduled]> in ORM
[2020-07-04 18:08:25,440] {scheduler_job.py:1640} INFO - Creating / updating <TaskInstance: covid_stats.generate_csv 2020-06-28 00:50:00+00:00 [scheduled]> in ORM
[2020-07-04 18:08:25,443] {scheduler_job.py:1640} INFO - Creating / updating <TaskInstance: covid_stats.generate_csv 2020-06-28 00:51:00+00:00 [scheduled]> in ORM
[2020-07-04 18:08:25,445] {scheduler_job.py:1640} INFO - Creating / updating <TaskInstance: covid_stats.generate_csv 2020-06-28 00:52:00+00:00 [scheduled]> in ORM
[2020-07-04 18:08:25,447] {scheduler_job.py:1640} INFO - Creating / updating <TaskInstance: covid_stats.generate_csv 2020-06-28 00:53:00+00:00 [scheduled]> in ORM
[2020-07-04 18:08:25,449] {scheduler_job.py:1640} INFO - Creating / updating <TaskInstance: covid_stats.extract 2020-06-28 00:54:00+00:00 [scheduled]> in ORM
[2020-07-04 18:08:25,456] {scheduler_job.py:162} INFO - Processing /home/nineleaps/airflow/dags/main_dag.py took 0.282 seconds
[2020-07-04 18:10:52,638] {scheduler_job.py:154} INFO - Started process (PID=25266) to work on /home/nineleaps/airflow/dags/main_dag.py
[2020-07-04 18:10:52,641] {scheduler_job.py:1562} INFO - Processing file /home/nineleaps/airflow/dags/main_dag.py for tasks to queue
[2020-07-04 18:10:52,642] {logging_mixin.py:112} INFO - [2020-07-04 18:10:52,642] {dagbag.py:396} INFO - Filling up the DagBag from /home/nineleaps/airflow/dags/main_dag.py
[2020-07-04 18:10:52,665] {scheduler_job.py:1574} INFO - DAG(s) ['covid_stats'] retrieved from /home/nineleaps/airflow/dags/main_dag.py
[2020-07-04 18:10:52,685] {scheduler_job.py:1284} INFO - Processing covid_stats
[2020-07-04 18:10:52,710] {scheduler_job.py:1294} INFO - Created <DagRun covid_stats @ 2020-06-28T00:55:00+00:00: scheduled__2020-06-28T00:55:00+00:00, externally triggered: False>
[2020-07-04 18:10:52,712] {scheduler_job.py:759} INFO - Examining DAG run <DagRun covid_stats @ 2020-06-28 00:47:00+00:00: scheduled__2020-06-28T00:47:00+00:00, externally triggered: False>
[2020-07-04 18:10:52,716] {logging_mixin.py:112} INFO - [2020-07-04 18:10:52,716] {dagrun.py:309} INFO - Marking run <DagRun covid_stats @ 2020-06-28 00:47:00+00:00: scheduled__2020-06-28T00:47:00+00:00, externally triggered: False> failed
[2020-07-04 18:10:52,721] {scheduler_job.py:759} INFO - Examining DAG run <DagRun covid_stats @ 2020-06-28 00:48:00+00:00: scheduled__2020-06-28T00:48:00+00:00, externally triggered: False>
[2020-07-04 18:10:52,735] {scheduler_job.py:759} INFO - Examining DAG run <DagRun covid_stats @ 2020-06-28 00:49:00+00:00: scheduled__2020-06-28T00:49:00+00:00, externally triggered: False>
[2020-07-04 18:10:52,745] {scheduler_job.py:759} INFO - Examining DAG run <DagRun covid_stats @ 2020-06-28 00:50:00+00:00: scheduled__2020-06-28T00:50:00+00:00, externally triggered: False>
[2020-07-04 18:10:52,755] {scheduler_job.py:759} INFO - Examining DAG run <DagRun covid_stats @ 2020-06-28 00:51:00+00:00: scheduled__2020-06-28T00:51:00+00:00, externally triggered: False>
[2020-07-04 18:10:52,765] {scheduler_job.py:759} INFO - Examining DAG run <DagRun covid_stats @ 2020-06-28 00:52:00+00:00: scheduled__2020-06-28T00:52:00+00:00, externally triggered: False>
[2020-07-04 18:10:52,775] {scheduler_job.py:759} INFO - Examining DAG run <DagRun covid_stats @ 2020-06-28 00:53:00+00:00: scheduled__2020-06-28T00:53:00+00:00, externally triggered: False>
[2020-07-04 18:10:52,784] {scheduler_job.py:759} INFO - Examining DAG run <DagRun covid_stats @ 2020-06-28 00:54:00+00:00: scheduled__2020-06-28T00:54:00+00:00, externally triggered: False>
[2020-07-04 18:10:52,794] {scheduler_job.py:759} INFO - Examining DAG run <DagRun covid_stats @ 2020-06-28 00:55:00+00:00: scheduled__2020-06-28T00:55:00+00:00, externally triggered: False>
[2020-07-04 18:10:52,849] {scheduler_job.py:447} INFO - Skipping SLA check for <DAG: covid_stats> because no tasks in DAG have SLAs
[2020-07-04 18:10:52,852] {scheduler_job.py:1640} INFO - Creating / updating <TaskInstance: covid_stats.generate_csv 2020-06-28 00:49:00+00:00 [scheduled]> in ORM
[2020-07-04 18:10:52,854] {scheduler_job.py:1640} INFO - Creating / updating <TaskInstance: covid_stats.generate_csv 2020-06-28 00:50:00+00:00 [scheduled]> in ORM
[2020-07-04 18:10:52,856] {scheduler_job.py:1640} INFO - Creating / updating <TaskInstance: covid_stats.generate_csv 2020-06-28 00:51:00+00:00 [scheduled]> in ORM
[2020-07-04 18:10:52,859] {scheduler_job.py:1640} INFO - Creating / updating <TaskInstance: covid_stats.generate_csv 2020-06-28 00:52:00+00:00 [scheduled]> in ORM
[2020-07-04 18:10:52,861] {scheduler_job.py:1640} INFO - Creating / updating <TaskInstance: covid_stats.generate_csv 2020-06-28 00:53:00+00:00 [scheduled]> in ORM
[2020-07-04 18:10:52,863] {scheduler_job.py:1640} INFO - Creating / updating <TaskInstance: covid_stats.generate_csv 2020-06-28 00:54:00+00:00 [scheduled]> in ORM
[2020-07-04 18:10:52,865] {scheduler_job.py:1640} INFO - Creating / updating <TaskInstance: covid_stats.extract 2020-06-28 00:55:00+00:00 [scheduled]> in ORM
[2020-07-04 18:10:52,872] {scheduler_job.py:162} INFO - Processing /home/nineleaps/airflow/dags/main_dag.py took 0.234 seconds
[2020-07-04 18:13:23,211] {scheduler_job.py:154} INFO - Started process (PID=27005) to work on /home/nineleaps/airflow/dags/main_dag.py
[2020-07-04 18:13:23,216] {scheduler_job.py:1562} INFO - Processing file /home/nineleaps/airflow/dags/main_dag.py for tasks to queue
[2020-07-04 18:13:23,217] {logging_mixin.py:112} INFO - [2020-07-04 18:13:23,217] {dagbag.py:396} INFO - Filling up the DagBag from /home/nineleaps/airflow/dags/main_dag.py
[2020-07-04 18:13:23,244] {scheduler_job.py:1574} INFO - DAG(s) ['covid_stats'] retrieved from /home/nineleaps/airflow/dags/main_dag.py
[2020-07-04 18:13:23,266] {scheduler_job.py:1284} INFO - Processing covid_stats
[2020-07-04 18:13:23,291] {scheduler_job.py:1294} INFO - Created <DagRun covid_stats @ 2020-06-28T00:56:00+00:00: scheduled__2020-06-28T00:56:00+00:00, externally triggered: False>
[2020-07-04 18:13:23,293] {scheduler_job.py:759} INFO - Examining DAG run <DagRun covid_stats @ 2020-06-28 00:48:00+00:00: scheduled__2020-06-28T00:48:00+00:00, externally triggered: False>
[2020-07-04 18:13:23,297] {logging_mixin.py:112} INFO - [2020-07-04 18:13:23,297] {dagrun.py:309} INFO - Marking run <DagRun covid_stats @ 2020-06-28 00:48:00+00:00: scheduled__2020-06-28T00:48:00+00:00, externally triggered: False> failed
[2020-07-04 18:13:23,302] {scheduler_job.py:759} INFO - Examining DAG run <DagRun covid_stats @ 2020-06-28 00:49:00+00:00: scheduled__2020-06-28T00:49:00+00:00, externally triggered: False>
[2020-07-04 18:13:23,324] {scheduler_job.py:759} INFO - Examining DAG run <DagRun covid_stats @ 2020-06-28 00:50:00+00:00: scheduled__2020-06-28T00:50:00+00:00, externally triggered: False>
[2020-07-04 18:13:23,335] {scheduler_job.py:759} INFO - Examining DAG run <DagRun covid_stats @ 2020-06-28 00:51:00+00:00: scheduled__2020-06-28T00:51:00+00:00, externally triggered: False>
[2020-07-04 18:13:23,345] {scheduler_job.py:759} INFO - Examining DAG run <DagRun covid_stats @ 2020-06-28 00:52:00+00:00: scheduled__2020-06-28T00:52:00+00:00, externally triggered: False>
[2020-07-04 18:13:23,355] {scheduler_job.py:759} INFO - Examining DAG run <DagRun covid_stats @ 2020-06-28 00:53:00+00:00: scheduled__2020-06-28T00:53:00+00:00, externally triggered: False>
[2020-07-04 18:13:23,364] {scheduler_job.py:759} INFO - Examining DAG run <DagRun covid_stats @ 2020-06-28 00:54:00+00:00: scheduled__2020-06-28T00:54:00+00:00, externally triggered: False>
[2020-07-04 18:13:23,374] {scheduler_job.py:759} INFO - Examining DAG run <DagRun covid_stats @ 2020-06-28 00:55:00+00:00: scheduled__2020-06-28T00:55:00+00:00, externally triggered: False>
[2020-07-04 18:13:23,384] {scheduler_job.py:759} INFO - Examining DAG run <DagRun covid_stats @ 2020-06-28 00:56:00+00:00: scheduled__2020-06-28T00:56:00+00:00, externally triggered: False>
[2020-07-04 18:13:23,439] {scheduler_job.py:447} INFO - Skipping SLA check for <DAG: covid_stats> because no tasks in DAG have SLAs
[2020-07-04 18:13:23,442] {scheduler_job.py:1640} INFO - Creating / updating <TaskInstance: covid_stats.generate_csv 2020-06-28 00:50:00+00:00 [scheduled]> in ORM
[2020-07-04 18:13:23,445] {scheduler_job.py:1640} INFO - Creating / updating <TaskInstance: covid_stats.generate_csv 2020-06-28 00:51:00+00:00 [scheduled]> in ORM
[2020-07-04 18:13:23,447] {scheduler_job.py:1640} INFO - Creating / updating <TaskInstance: covid_stats.generate_csv 2020-06-28 00:52:00+00:00 [scheduled]> in ORM
[2020-07-04 18:13:23,449] {scheduler_job.py:1640} INFO - Creating / updating <TaskInstance: covid_stats.generate_csv 2020-06-28 00:53:00+00:00 [scheduled]> in ORM
[2020-07-04 18:13:23,451] {scheduler_job.py:1640} INFO - Creating / updating <TaskInstance: covid_stats.generate_csv 2020-06-28 00:54:00+00:00 [scheduled]> in ORM
[2020-07-04 18:13:23,453] {scheduler_job.py:1640} INFO - Creating / updating <TaskInstance: covid_stats.generate_csv 2020-06-28 00:55:00+00:00 [scheduled]> in ORM
[2020-07-04 18:13:23,455] {scheduler_job.py:1640} INFO - Creating / updating <TaskInstance: covid_stats.extract 2020-06-28 00:56:00+00:00 [scheduled]> in ORM
[2020-07-04 18:13:23,462] {scheduler_job.py:162} INFO - Processing /home/nineleaps/airflow/dags/main_dag.py took 0.251 seconds
