[2020-06-28 19:47:01,888] {taskinstance.py:669} INFO - Dependencies all met for <TaskInstance: covid_stats.extract 2020-06-27T00:06:00+00:00 [queued]>
[2020-06-28 19:47:01,900] {taskinstance.py:669} INFO - Dependencies all met for <TaskInstance: covid_stats.extract 2020-06-27T00:06:00+00:00 [queued]>
[2020-06-28 19:47:01,900] {taskinstance.py:879} INFO - 
--------------------------------------------------------------------------------
[2020-06-28 19:47:01,900] {taskinstance.py:880} INFO - Starting attempt 1 of 6
[2020-06-28 19:47:01,900] {taskinstance.py:881} INFO - 
--------------------------------------------------------------------------------
[2020-06-28 19:47:01,907] {taskinstance.py:900} INFO - Executing <Task(PythonOperator): extract> on 2020-06-27T00:06:00+00:00
[2020-06-28 19:47:01,909] {standard_task_runner.py:53} INFO - Started process 12570 to run task
[2020-06-28 19:47:01,946] {logging_mixin.py:112} INFO - Running %s on host %s <TaskInstance: covid_stats.extract 2020-06-27T00:06:00+00:00 [running]> nineleaps-ThinkPad-E480
[2020-06-28 19:47:02,095] {python_operator.py:114} INFO - Done. Returned value was: None
[2020-06-28 19:47:02,098] {taskinstance.py:1065} INFO - Marking task as SUCCESS.dag_id=covid_stats, task_id=extract, execution_date=20200627T000600, start_date=20200628T141701, end_date=20200628T141702
[2020-06-28 19:47:11,884] {logging_mixin.py:112} INFO - [2020-06-28 19:47:11,883] {local_task_job.py:103} INFO - Task exited with return code 0
[2020-06-28 20:16:36,116] {taskinstance.py:669} INFO - Dependencies all met for <TaskInstance: covid_stats.extract 2020-06-27T00:06:00+00:00 [queued]>
[2020-06-28 20:16:36,137] {taskinstance.py:669} INFO - Dependencies all met for <TaskInstance: covid_stats.extract 2020-06-27T00:06:00+00:00 [queued]>
[2020-06-28 20:16:36,137] {taskinstance.py:879} INFO - 
--------------------------------------------------------------------------------
[2020-06-28 20:16:36,137] {taskinstance.py:880} INFO - Starting attempt 1 of 6
[2020-06-28 20:16:36,137] {taskinstance.py:881} INFO - 
--------------------------------------------------------------------------------
[2020-06-28 20:16:36,146] {taskinstance.py:900} INFO - Executing <Task(PythonOperator): extract> on 2020-06-27T00:06:00+00:00
[2020-06-28 20:16:36,149] {standard_task_runner.py:53} INFO - Started process 11563 to run task
[2020-06-28 20:16:36,204] {logging_mixin.py:112} INFO - Running %s on host %s <TaskInstance: covid_stats.extract 2020-06-27T00:06:00+00:00 [running]> nineleaps-ThinkPad-E480
[2020-06-28 20:16:36,829] {python_operator.py:114} INFO - Done. Returned value was: None
[2020-06-28 20:16:36,835] {taskinstance.py:1065} INFO - Marking task as SUCCESS.dag_id=covid_stats, task_id=extract, execution_date=20200627T000600, start_date=20200628T144636, end_date=20200628T144636
[2020-06-28 20:16:46,104] {logging_mixin.py:112} INFO - [2020-06-28 20:16:46,103] {local_task_job.py:103} INFO - Task exited with return code 0
[2020-06-28 20:31:19,548] {taskinstance.py:669} INFO - Dependencies all met for <TaskInstance: covid_stats.extract 2020-06-27T00:06:00+00:00 [queued]>
[2020-06-28 20:31:19,561] {taskinstance.py:669} INFO - Dependencies all met for <TaskInstance: covid_stats.extract 2020-06-27T00:06:00+00:00 [queued]>
[2020-06-28 20:31:19,561] {taskinstance.py:879} INFO - 
--------------------------------------------------------------------------------
[2020-06-28 20:31:19,561] {taskinstance.py:880} INFO - Starting attempt 1 of 6
[2020-06-28 20:31:19,561] {taskinstance.py:881} INFO - 
--------------------------------------------------------------------------------
[2020-06-28 20:31:19,570] {taskinstance.py:900} INFO - Executing <Task(PythonOperator): extract> on 2020-06-27T00:06:00+00:00
[2020-06-28 20:31:19,575] {standard_task_runner.py:53} INFO - Started process 16812 to run task
[2020-06-28 20:31:19,618] {logging_mixin.py:112} INFO - Running %s on host %s <TaskInstance: covid_stats.extract 2020-06-27T00:06:00+00:00 [running]> nineleaps-ThinkPad-E480
[2020-06-28 20:31:19,776] {python_operator.py:114} INFO - Done. Returned value was: None
[2020-06-28 20:31:19,778] {taskinstance.py:1065} INFO - Marking task as SUCCESS.dag_id=covid_stats, task_id=extract, execution_date=20200627T000600, start_date=20200628T150119, end_date=20200628T150119
[2020-06-28 20:31:29,547] {logging_mixin.py:112} INFO - [2020-06-28 20:31:29,546] {local_task_job.py:103} INFO - Task exited with return code 0
