[2020-06-28 19:40:33,425] {taskinstance.py:669} INFO - Dependencies all met for <TaskInstance: covid_stats.extract 2020-06-27T00:01:00+00:00 [queued]>
[2020-06-28 19:40:33,437] {taskinstance.py:669} INFO - Dependencies all met for <TaskInstance: covid_stats.extract 2020-06-27T00:01:00+00:00 [queued]>
[2020-06-28 19:40:33,437] {taskinstance.py:879} INFO - 
--------------------------------------------------------------------------------
[2020-06-28 19:40:33,437] {taskinstance.py:880} INFO - Starting attempt 1 of 6
[2020-06-28 19:40:33,437] {taskinstance.py:881} INFO - 
--------------------------------------------------------------------------------
[2020-06-28 19:40:33,444] {taskinstance.py:900} INFO - Executing <Task(PythonOperator): extract> on 2020-06-27T00:01:00+00:00
[2020-06-28 19:40:33,446] {standard_task_runner.py:53} INFO - Started process 9442 to run task
[2020-06-28 19:40:33,483] {logging_mixin.py:112} INFO - Running %s on host %s <TaskInstance: covid_stats.extract 2020-06-27T00:01:00+00:00 [running]> nineleaps-ThinkPad-E480
[2020-06-28 19:40:33,986] {python_operator.py:114} INFO - Done. Returned value was: None
[2020-06-28 19:40:33,990] {taskinstance.py:1065} INFO - Marking task as SUCCESS.dag_id=covid_stats, task_id=extract, execution_date=20200627T000100, start_date=20200628T141033, end_date=20200628T141033
[2020-06-28 19:40:43,420] {logging_mixin.py:112} INFO - [2020-06-28 19:40:43,419] {local_task_job.py:103} INFO - Task exited with return code 0
[2020-06-28 19:50:21,635] {taskinstance.py:669} INFO - Dependencies all met for <TaskInstance: covid_stats.extract 2020-06-27T00:01:00+00:00 [queued]>
[2020-06-28 19:50:21,647] {taskinstance.py:669} INFO - Dependencies all met for <TaskInstance: covid_stats.extract 2020-06-27T00:01:00+00:00 [queued]>
[2020-06-28 19:50:21,647] {taskinstance.py:879} INFO - 
--------------------------------------------------------------------------------
[2020-06-28 19:50:21,647] {taskinstance.py:880} INFO - Starting attempt 1 of 6
[2020-06-28 19:50:21,647] {taskinstance.py:881} INFO - 
--------------------------------------------------------------------------------
[2020-06-28 19:50:21,655] {taskinstance.py:900} INFO - Executing <Task(PythonOperator): extract> on 2020-06-27T00:01:00+00:00
[2020-06-28 19:50:21,657] {standard_task_runner.py:53} INFO - Started process 13757 to run task
[2020-06-28 19:50:21,693] {logging_mixin.py:112} INFO - Running %s on host %s <TaskInstance: covid_stats.extract 2020-06-27T00:01:00+00:00 [running]> nineleaps-ThinkPad-E480
[2020-06-28 19:50:21,858] {python_operator.py:114} INFO - Done. Returned value was: None
[2020-06-28 19:50:21,860] {taskinstance.py:1065} INFO - Marking task as SUCCESS.dag_id=covid_stats, task_id=extract, execution_date=20200627T000100, start_date=20200628T142021, end_date=20200628T142021
[2020-06-28 19:50:31,631] {logging_mixin.py:112} INFO - [2020-06-28 19:50:31,630] {local_task_job.py:103} INFO - Task exited with return code 0
[2020-06-28 20:01:56,771] {taskinstance.py:669} INFO - Dependencies all met for <TaskInstance: covid_stats.extract 2020-06-27T00:01:00+00:00 [queued]>
[2020-06-28 20:01:56,782] {taskinstance.py:669} INFO - Dependencies all met for <TaskInstance: covid_stats.extract 2020-06-27T00:01:00+00:00 [queued]>
[2020-06-28 20:01:56,782] {taskinstance.py:879} INFO - 
--------------------------------------------------------------------------------
[2020-06-28 20:01:56,782] {taskinstance.py:880} INFO - Starting attempt 1 of 6
[2020-06-28 20:01:56,782] {taskinstance.py:881} INFO - 
--------------------------------------------------------------------------------
[2020-06-28 20:01:56,789] {taskinstance.py:900} INFO - Executing <Task(PythonOperator): extract> on 2020-06-27T00:01:00+00:00
[2020-06-28 20:01:56,791] {standard_task_runner.py:53} INFO - Started process 4097 to run task
[2020-06-28 20:01:56,826] {logging_mixin.py:112} INFO - Running %s on host %s <TaskInstance: covid_stats.extract 2020-06-27T00:01:00+00:00 [running]> nineleaps-ThinkPad-E480
[2020-06-28 20:01:57,325] {python_operator.py:114} INFO - Done. Returned value was: None
[2020-06-28 20:01:57,330] {taskinstance.py:1065} INFO - Marking task as SUCCESS.dag_id=covid_stats, task_id=extract, execution_date=20200627T000100, start_date=20200628T143156, end_date=20200628T143157
[2020-06-28 20:02:06,773] {logging_mixin.py:112} INFO - [2020-06-28 20:02:06,772] {local_task_job.py:103} INFO - Task exited with return code 0
[2020-06-28 20:10:06,686] {taskinstance.py:669} INFO - Dependencies all met for <TaskInstance: covid_stats.extract 2020-06-27T00:01:00+00:00 [queued]>
[2020-06-28 20:10:06,698] {taskinstance.py:669} INFO - Dependencies all met for <TaskInstance: covid_stats.extract 2020-06-27T00:01:00+00:00 [queued]>
[2020-06-28 20:10:06,698] {taskinstance.py:879} INFO - 
--------------------------------------------------------------------------------
[2020-06-28 20:10:06,698] {taskinstance.py:880} INFO - Starting attempt 1 of 6
[2020-06-28 20:10:06,698] {taskinstance.py:881} INFO - 
--------------------------------------------------------------------------------
[2020-06-28 20:10:06,705] {taskinstance.py:900} INFO - Executing <Task(PythonOperator): extract> on 2020-06-27T00:01:00+00:00
[2020-06-28 20:10:06,709] {standard_task_runner.py:53} INFO - Started process 8173 to run task
[2020-06-28 20:10:06,751] {logging_mixin.py:112} INFO - Running %s on host %s <TaskInstance: covid_stats.extract 2020-06-27T00:01:00+00:00 [running]> nineleaps-ThinkPad-E480
[2020-06-28 20:10:06,893] {python_operator.py:114} INFO - Done. Returned value was: None
[2020-06-28 20:10:06,895] {taskinstance.py:1065} INFO - Marking task as SUCCESS.dag_id=covid_stats, task_id=extract, execution_date=20200627T000100, start_date=20200628T144006, end_date=20200628T144006
[2020-06-28 20:10:16,687] {logging_mixin.py:112} INFO - [2020-06-28 20:10:16,686] {local_task_job.py:103} INFO - Task exited with return code 0
[2020-06-28 20:24:48,588] {taskinstance.py:669} INFO - Dependencies all met for <TaskInstance: covid_stats.extract 2020-06-27T00:01:00+00:00 [queued]>
[2020-06-28 20:24:48,613] {taskinstance.py:669} INFO - Dependencies all met for <TaskInstance: covid_stats.extract 2020-06-27T00:01:00+00:00 [queued]>
[2020-06-28 20:24:48,613] {taskinstance.py:879} INFO - 
--------------------------------------------------------------------------------
[2020-06-28 20:24:48,613] {taskinstance.py:880} INFO - Starting attempt 1 of 6
[2020-06-28 20:24:48,613] {taskinstance.py:881} INFO - 
--------------------------------------------------------------------------------
[2020-06-28 20:24:48,623] {taskinstance.py:900} INFO - Executing <Task(PythonOperator): extract> on 2020-06-27T00:01:00+00:00
[2020-06-28 20:24:48,627] {standard_task_runner.py:53} INFO - Started process 14317 to run task
[2020-06-28 20:24:48,682] {logging_mixin.py:112} INFO - Running %s on host %s <TaskInstance: covid_stats.extract 2020-06-27T00:01:00+00:00 [running]> nineleaps-ThinkPad-E480
[2020-06-28 20:24:48,821] {python_operator.py:114} INFO - Done. Returned value was: None
[2020-06-28 20:24:48,828] {taskinstance.py:1065} INFO - Marking task as SUCCESS.dag_id=covid_stats, task_id=extract, execution_date=20200627T000100, start_date=20200628T145448, end_date=20200628T145448
[2020-06-28 20:24:58,568] {logging_mixin.py:112} INFO - [2020-06-28 20:24:58,567] {local_task_job.py:103} INFO - Task exited with return code 0
[2020-06-29 11:22:19,981] {taskinstance.py:669} INFO - Dependencies all met for <TaskInstance: covid_stats.extract 2020-06-27T00:01:00+00:00 [queued]>
[2020-06-29 11:22:19,993] {taskinstance.py:669} INFO - Dependencies all met for <TaskInstance: covid_stats.extract 2020-06-27T00:01:00+00:00 [queued]>
[2020-06-29 11:22:19,993] {taskinstance.py:879} INFO - 
--------------------------------------------------------------------------------
[2020-06-29 11:22:19,993] {taskinstance.py:880} INFO - Starting attempt 1 of 6
[2020-06-29 11:22:19,993] {taskinstance.py:881} INFO - 
--------------------------------------------------------------------------------
[2020-06-29 11:22:20,000] {taskinstance.py:900} INFO - Executing <Task(PythonOperator): extract> on 2020-06-27T00:01:00+00:00
[2020-06-29 11:22:20,002] {standard_task_runner.py:53} INFO - Started process 4093 to run task
[2020-06-29 11:22:20,053] {logging_mixin.py:112} INFO - Running %s on host %s <TaskInstance: covid_stats.extract 2020-06-27T00:01:00+00:00 [running]> nineleaps-ThinkPad-E480
[2020-06-29 11:22:20,319] {python_operator.py:114} INFO - Done. Returned value was: None
[2020-06-29 11:22:20,322] {taskinstance.py:1065} INFO - Marking task as SUCCESS.dag_id=covid_stats, task_id=extract, execution_date=20200627T000100, start_date=20200629T055219, end_date=20200629T055220
[2020-06-29 11:22:29,982] {logging_mixin.py:112} INFO - [2020-06-29 11:22:29,981] {local_task_job.py:103} INFO - Task exited with return code 0
[2020-06-29 12:13:25,005] {taskinstance.py:669} INFO - Dependencies all met for <TaskInstance: covid_stats.extract 2020-06-27T00:01:00+00:00 [queued]>
[2020-06-29 12:13:25,020] {taskinstance.py:669} INFO - Dependencies all met for <TaskInstance: covid_stats.extract 2020-06-27T00:01:00+00:00 [queued]>
[2020-06-29 12:13:25,020] {taskinstance.py:879} INFO - 
--------------------------------------------------------------------------------
[2020-06-29 12:13:25,020] {taskinstance.py:880} INFO - Starting attempt 1 of 6
[2020-06-29 12:13:25,020] {taskinstance.py:881} INFO - 
--------------------------------------------------------------------------------
[2020-06-29 12:13:25,027] {taskinstance.py:900} INFO - Executing <Task(PythonOperator): extract> on 2020-06-27T00:01:00+00:00
[2020-06-29 12:13:25,030] {standard_task_runner.py:53} INFO - Started process 8664 to run task
[2020-06-29 12:13:25,072] {logging_mixin.py:112} INFO - Running %s on host %s <TaskInstance: covid_stats.extract 2020-06-27T00:01:00+00:00 [running]> nineleaps-ThinkPad-E480
[2020-06-29 12:13:25,299] {logging_mixin.py:112} INFO - Empty DataFrame
Columns: [date, status, state, count]
Index: []
[2020-06-29 12:13:25,322] {logging_mixin.py:112} INFO - data cleaned successfully !!
[2020-06-29 12:13:25,323] {python_operator.py:114} INFO - Done. Returned value was: None
[2020-06-29 12:13:25,327] {taskinstance.py:1065} INFO - Marking task as SUCCESS.dag_id=covid_stats, task_id=extract, execution_date=20200627T000100, start_date=20200629T064325, end_date=20200629T064325
[2020-06-29 12:13:35,001] {logging_mixin.py:112} INFO - [2020-06-29 12:13:35,000] {local_task_job.py:103} INFO - Task exited with return code 0
